Log file open, 02/08/22 16:37:07
LogWindows: Failed to load 'aqProf.dll' (GetLastError=126)
LogWindows: File 'aqProf.dll' does not exist
LogWindows: Failed to load 'VtuneApi.dll' (GetLastError=126)
LogWindows: File 'VtuneApi.dll' does not exist
LogWindows: Failed to load 'VtuneApi32e.dll' (GetLastError=126)
LogWindows: File 'VtuneApi32e.dll' does not exist
LogConsoleResponse: Display: Failed to find resolution value strings in scalability ini. Falling back to default.
LogConsoleResponse: Display: Failed to find resolution value strings in scalability ini. Falling back to default.
LogInit: Display: Running engine for game: PoC_Grappin
LogPlatformFile: Not using cached read wrapper
LogTaskGraph: Started task graph with 5 named threads and 23 total threads with 3 sets of task threads.
LogStats: Stats thread started at 0.266811
LogICUInternationalization: ICU TimeZone Detection - Raw Offset: -5:00, Platform Override: ''
LogInit: Display: Loading text-based GConfig....
LogPluginManager: Mounting plugin MeshPainting
LogPluginManager: Mounting plugin XGEController
LogPluginManager: Mounting plugin Paper2D
LogPluginManager: Mounting plugin LiveLink
LogPluginManager: Mounting plugin AISupport
LogPluginManager: Mounting plugin EnvironmentQueryEditor
LogPluginManager: Mounting plugin LightPropagationVolume
LogPluginManager: Mounting plugin CameraShakePreviewer
LogPluginManager: Mounting plugin GameplayCameras
LogPluginManager: Mounting plugin AlembicImporter
LogPluginManager: Mounting plugin OodleNetwork
LogPluginManager: Mounting plugin AssetManagerEditor
LogPluginManager: Mounting plugin OodleData
LogPluginManager: Mounting plugin BackChannel
LogPluginManager: Mounting plugin AutomationUtils
LogPluginManager: Mounting plugin ChaosClothEditor
LogPluginManager: Mounting plugin ChaosCloth
LogPluginManager: Mounting plugin ChaosEditor
LogPluginManager: Mounting plugin ChaosNiagara
LogPluginManager: Mounting plugin ChaosSolverPlugin
LogPluginManager: Mounting plugin CryptoKeys
LogPluginManager: Mounting plugin CharacterAI
LogPluginManager: Mounting plugin CurveEditorTools
LogPluginManager: Mounting plugin DatasmithContent
LogPluginManager: Mounting plugin VariantManagerContent
LogPluginManager: Mounting plugin DataValidation
LogPluginManager: Mounting plugin FacialAnimation
LogPluginManager: Mounting plugin GameplayTagsEditor
LogPluginManager: Mounting plugin GeometryMode
LogPluginManager: Mounting plugin GeometryCache
LogPluginManager: Mounting plugin GeometryCollectionPlugin
LogPluginManager: Mounting plugin MaterialAnalyzer
LogPluginManager: Mounting plugin MacGraphicsSwitching
LogPluginManager: Mounting plugin PluginBrowser
LogPluginManager: Mounting plugin SpeedTreeImporter
LogPluginManager: Mounting plugin MobileLauncherProfileWizard
LogPluginManager: Mounting plugin GeometryProcessing
LogPluginManager: Mounting plugin MotoSynth
LogPluginManager: Mounting plugin OpenImageDenoise
LogPluginManager: Mounting plugin PlanarCut
LogPluginManager: Mounting plugin PlatformCrypto
LogPluginManager: Mounting plugin ProxyLODPlugin
LogPluginManager: Mounting plugin PythonScriptPlugin
LogPluginManager: Mounting plugin SkeletalReduction
LogPluginManager: Mounting plugin Niagara
LogPluginManager: Mounting plugin AndroidMedia
LogPluginManager: Mounting plugin AvfMedia
LogPluginManager: Mounting plugin LuminPlatformFeatures
LogPluginManager: Mounting plugin MagicLeap
LogPluginManager: Mounting plugin ImgMedia
LogPluginManager: Mounting plugin MediaCompositing
LogPluginManager: Mounting plugin MagicLeapLightEstimation
LogPluginManager: Mounting plugin MediaPlayerEditor
LogPluginManager: Mounting plugin MagicLeapMedia
LogPluginManager: Mounting plugin WebMMedia
LogPluginManager: Mounting plugin WmfMedia
LogPluginManager: Mounting plugin MagicLeapPassableWorld
LogPluginManager: Mounting plugin MLSDK
LogPluginManager: Mounting plugin TcpMessaging
LogPluginManager: Mounting plugin UdpMessaging
LogPluginManager: Mounting plugin LauncherChunkInstaller
LogPluginManager: Mounting plugin OnlineSubsystem
LogPluginManager: Mounting plugin OnlineSubsystemNull
LogPluginManager: Mounting plugin OnlineSubsystemUtils
LogPluginManager: Mounting plugin ActorLayerUtilities
LogPluginManager: Mounting plugin AndroidMoviePlayer
LogPluginManager: Mounting plugin AndroidDeviceProfileSelector
LogPluginManager: Mounting plugin AndroidPermission
LogPluginManager: Mounting plugin AppleMoviePlayer
LogPluginManager: Mounting plugin ArchVisCharacter
LogPluginManager: Mounting plugin AudioCapture
LogPluginManager: Mounting plugin AssetTags
LogPluginManager: Mounting plugin CableComponent
LogPluginManager: Mounting plugin AudioSynesthesia
LogPluginManager: Mounting plugin ChunkDownloader
LogPluginManager: Mounting plugin CustomMeshComponent
LogPluginManager: Mounting plugin EditableMesh
LogPluginManager: Mounting plugin ExampleDeviceProfileSelector
LogPluginManager: Mounting plugin GoogleCloudMessaging
LogPluginManager: Mounting plugin GooglePAD
LogPluginManager: Mounting plugin AppleImageUtils
LogPluginManager: Mounting plugin IOSDeviceProfileSelector
LogPluginManager: Mounting plugin LinuxDeviceProfileSelector
LogPluginManager: Mounting plugin LocationServicesBPLibrary
LogPluginManager: Mounting plugin MobilePatchingUtils
LogPluginManager: Mounting plugin OpenXREyeTracker
LogPluginManager: Mounting plugin OpenXR
LogPluginManager: Mounting plugin OpenXRHandTracking
LogPluginManager: Mounting plugin PhysXVehicles
LogPluginManager: Mounting plugin PostSplashScreen
LogPluginManager: Mounting plugin ProceduralMeshComponent
LogPluginManager: Mounting plugin PropertyAccessEditor
LogPluginManager: Mounting plugin RuntimePhysXCooking
LogPluginManager: Mounting plugin SignificanceManager
LogPluginManager: Mounting plugin SoundFields
LogPluginManager: Mounting plugin Synthesis
LogPluginManager: Mounting plugin WebMMoviePlayer
LogPluginManager: Mounting plugin WindowsMoviePlayer
LogPluginManager: Mounting plugin ScreenshotTools
LogPluginManager: Mounting plugin Takes
LogPluginManager: Mounting plugin ActorSequence
LogPluginManager: Mounting plugin LevelSequenceEditor
LogPluginManager: Mounting plugin MatineeToLevelSequence
LogPluginManager: Mounting plugin TemplateSequence
LogPluginManager: Mounting plugin AnimationSharing
LogPluginManager: Mounting plugin CLionSourceCodeAccess
LogPluginManager: Mounting plugin CodeLiteSourceCodeAccess
LogPluginManager: Mounting plugin KDevelopSourceCodeAccess
LogPluginManager: Mounting plugin GitSourceControl
LogPluginManager: Mounting plugin NullSourceCodeAccess
LogPluginManager: Mounting plugin PerforceSourceControl
LogPluginManager: Mounting plugin PixWinPlugin
LogPluginManager: Mounting plugin PluginUtils
LogPluginManager: Mounting plugin PropertyAccessNode
LogPluginManager: Mounting plugin PlasticSourceControl
LogPluginManager: Mounting plugin RiderSourceCodeAccess
LogPluginManager: Mounting plugin SubversionSourceControl
LogPluginManager: Mounting plugin TextureFormatOodle
LogPluginManager: Mounting plugin UObjectPlugin
LogPluginManager: Mounting plugin VisualStudioCodeSourceCodeAccess
LogPluginManager: Mounting plugin VisualStudioSourceCodeAccess
LogPluginManager: Mounting plugin XCodeSourceCodeAccess
LogPluginManager: Mounting plugin ContentBrowserAssetDataSource
LogPluginManager: Mounting plugin ContentBrowserClassDataSource
LogPluginManager: Mounting plugin ContentBrowserFileDataSource
LogPluginManager: Mounting plugin OnlineSubsystemGooglePlay
LogPluginManager: Mounting plugin OnlineSubsystemIOS
LogPluginManager: Mounting plugin OculusVR
LogPluginManager: Mounting plugin SteamVR
LogInit: Using libcurl 7.55.1-DEV
LogInit:  - built for x86_64-pc-win32
LogInit:  - supports SSL with OpenSSL/1.1.1
LogInit:  - supports HTTP deflate (compression) using libz 1.2.8
LogInit:  - other features:
LogInit:      CURL_VERSION_SSL
LogInit:      CURL_VERSION_LIBZ
LogInit:      CURL_VERSION_IPV6
LogInit:      CURL_VERSION_ASYNCHDNS
LogInit:      CURL_VERSION_LARGEFILE
LogInit:      CURL_VERSION_IDN
LogInit:  CurlRequestOptions (configurable via config and command line):
LogInit:  - bVerifyPeer = true  - Libcurl will verify peer certificate
LogInit:  - bUseHttpProxy = false  - Libcurl will NOT use HTTP proxy
LogInit:  - bDontReuseConnections = false  - Libcurl will reuse connections
LogInit:  - MaxHostConnections = 16  - Libcurl will limit the number of connections to a host
LogInit:  - LocalHostAddr = Default
LogInit:  - BufferSize = 65536
LogOnline: OSS: Creating online subsystem instance for: NULL
LogInit: WinSock: version 1.1 (2.2), MaxSocks=32767, MaxUdp=65467
LogOnline: OSS: TryLoadSubsystemAndSetDefault: Loaded subsystem for module [NULL]
PixWinPlugin: PIX capture plugin failed to initialize! Check that the process is launched from PIX.
LogOculusPluginWrapper: OculusPlugin initialized successfully
LogHMD: Failed initializing OVRPlugin 1.59.0
LogInit: Build: ++UE4+Release-4.27-CL-18319896
LogInit: Engine Version: 4.27.2-18319896+++UE4+Release-4.27
LogInit: Compatible Engine Version: 4.27.0-17155196+++UE4+Release-4.27
LogInit: Net CL: 17155196
LogInit: OS: Windows 10 (Release 2009) (), CPU: Intel(R) Core(TM) i7-7700HQ CPU @ 2.80GHz, GPU: Intel(R) HD Graphics 630
LogInit: Compiled (64-bit): Nov 30 2021 07:12:08
LogInit: Compiled with Visual C++: 19.24.28315.00
LogInit: Build Configuration: Development
LogInit: Branch Name: ++UE4+Release-4.27
LogInit: Command Line:  -EpicPortal -epicusername=Chopostrophe -epicuserid=c7e2049182e54ea6bda8e5e3b7ee0b0e -epiclocale=en -epicsandboxid=ue
LogInit: Base Directory: D:/Game/EpicGames/UE_4.27/Engine/Binaries/Win64/
LogInit: Allocator: TBB
LogInit: Installed Engine Build: 1
LogDevObjectVersion: Number of dev versions registered: 29
LogDevObjectVersion:   Dev-Blueprints (B0D832E4-1F89-4F0D-ACCF-7EB736FD4AA2): 10
LogDevObjectVersion:   Dev-Build (E1C64328-A22C-4D53-A36C-8E866417BD8C): 0
LogDevObjectVersion:   Dev-Core (375EC13C-06E4-48FB-B500-84F0262A717E): 4
LogDevObjectVersion:   Dev-Editor (E4B068ED-F494-42E9-A231-DA0B2E46BB41): 40
LogDevObjectVersion:   Dev-Framework (CFFC743F-43B0-4480-9391-14DF171D2073): 37
LogDevObjectVersion:   Dev-Mobile (B02B49B5-BB20-44E9-A304-32B752E40360): 3
LogDevObjectVersion:   Dev-Networking (A4E4105C-59A1-49B5-A7C5-40C4547EDFEE): 0
LogDevObjectVersion:   Dev-Online (39C831C9-5AE6-47DC-9A44-9C173E1C8E7C): 0
LogDevObjectVersion:   Dev-Physics (78F01B33-EBEA-4F98-B9B4-84EACCB95AA2): 14
LogDevObjectVersion:   Dev-Platform (6631380F-2D4D-43E0-8009-CF276956A95A): 0
LogDevObjectVersion:   Dev-Rendering (12F88B9F-8875-4AFC-A67C-D90C383ABD29): 45
LogDevObjectVersion:   Dev-Sequencer (7B5AE74C-D270-4C10-A958-57980B212A5A): 13
LogDevObjectVersion:   Dev-VR (D7296918-1DD6-4BDD-9DE2-64A83CC13884): 3
LogDevObjectVersion:   Dev-LoadTimes (C2A15278-BFE7-4AFE-6C17-90FF531DF755): 1
LogDevObjectVersion:   Private-Geometry (6EACA3D4-40EC-4CC1-B786-8BED09428FC5): 3
LogDevObjectVersion:   Dev-AnimPhys (29E575DD-E0A3-4627-9D10-D276232CDCEA): 17
LogDevObjectVersion:   Dev-Anim (AF43A65D-7FD3-4947-9873-3E8ED9C1BB05): 15
LogDevObjectVersion:   Dev-ReflectionCapture (6B266CEC-1EC7-4B8F-A30B-E4D90942FC07): 1
LogDevObjectVersion:   Dev-Automation (0DF73D61-A23F-47EA-B727-89E90C41499A): 1
LogDevObjectVersion:   FortniteMain (601D1886-AC64-4F84-AA16-D3DE0DEAC7D6): 47
LogDevObjectVersion:   FortniteRelease (E7086368-6B23-4C58-8439-1B7016265E91): 1
LogDevObjectVersion:   Dev-Enterprise (9DFFBCD6-494F-0158-E221-12823C92A888): 10
LogDevObjectVersion:   Dev-Niagara (F2AED0AC-9AFE-416F-8664-AA7FFA26D6FC): 1
LogDevObjectVersion:   Dev-Destruction (174F1F0B-B4C6-45A5-B13F-2EE8D0FB917D): 10
LogDevObjectVersion:   Dev-Physics-Ext (35F94A83-E258-406C-A318-09F59610247C): 41
LogDevObjectVersion:   Dev-PhysicsMaterial-Chaos (B68FC16E-8B1B-42E2-B453-215C058844FE): 1
LogDevObjectVersion:   Dev-CineCamera (B2E18506-4273-CFC2-A54E-F4BB758BBA07): 1
LogDevObjectVersion:   Dev-VirtualProduction (64F58936-FD1B-42BA-BA96-7289D5D0FA4E): 1
LogDevObjectVersion:   Dev-MediaFramework (6F0ED827-A609-4895-9C91-998D90180EA4): 2
LogInit: Presizing for max 25165824 objects, including 0 objects not considered by GC, pre-allocating 0 bytes for permanent pool.
LogConfig: Applying CVar settings from Section [/Script/Engine.StreamingSettings] File [D:/bordel/Cours/S4 Québec/Projet de personnalisation/PoC_Grappin/Saved/Config/Windows/Engine.ini]
LogConfig: Setting CVar [[s.MinBulkDataSizeForAsyncLoading:131072]]
LogConfig: Setting CVar [[s.AsyncLoadingThreadEnabled:0]]
LogConfig: Setting CVar [[s.EventDrivenLoaderEnabled:1]]
LogConfig: Setting CVar [[s.WarnIfTimeLimitExceeded:0]]
LogConfig: Setting CVar [[s.TimeLimitExceededMultiplier:1.5]]
LogConfig: Setting CVar [[s.TimeLimitExceededMinTime:0.005]]
LogConfig: Setting CVar [[s.UseBackgroundLevelStreaming:1]]
LogConfig: Setting CVar [[s.PriorityAsyncLoadingExtraTime:15.0]]
LogConfig: Setting CVar [[s.LevelStreamingActorsUpdateTimeLimit:5.0]]
LogConfig: Setting CVar [[s.PriorityLevelStreamingActorsUpdateExtraTime:5.0]]
LogConfig: Setting CVar [[s.LevelStreamingComponentsRegistrationGranularity:10]]
LogConfig: Setting CVar [[s.UnregisterComponentsTimeLimit:1.0]]
LogConfig: Setting CVar [[s.LevelStreamingComponentsUnregistrationGranularity:5]]
LogConfig: Setting CVar [[s.FlushStreamingOnExit:1]]
LogInit: Object subsystem initialized
LogConfig: Setting CVar [[con.DebugEarlyDefault:1]]
LogConfig: Setting CVar [[r.setres:1280x720]]
[2022.02.08-21.37.08:637][  0]LogConfig: Setting CVar [[r.VSync:0]]
[2022.02.08-21.37.08:637][  0]LogConfig: Setting CVar [[r.RHICmdBypass:0]]
[2022.02.08-21.37.08:637][  0]LogConfig: Applying CVar settings from Section [/Script/Engine.RendererSettings] File [D:/bordel/Cours/S4 Québec/Projet de personnalisation/PoC_Grappin/Saved/Config/Windows/Engine.ini]
[2022.02.08-21.37.08:637][  0]LogConfig: Setting CVar [[r.GPUCrashDebugging:0]]
[2022.02.08-21.37.08:637][  0]LogConfig: Applying CVar settings from Section [/Script/Engine.RendererOverrideSettings] File [D:/bordel/Cours/S4 Québec/Projet de personnalisation/PoC_Grappin/Saved/Config/Windows/Engine.ini]
[2022.02.08-21.37.08:637][  0]LogConfig: Applying CVar settings from Section [/Script/Engine.StreamingSettings] File [D:/bordel/Cours/S4 Québec/Projet de personnalisation/PoC_Grappin/Saved/Config/Windows/Engine.ini]
[2022.02.08-21.37.08:637][  0]LogConfig: Setting CVar [[s.MinBulkDataSizeForAsyncLoading:131072]]
[2022.02.08-21.37.08:637][  0]LogConfig: Setting CVar [[s.AsyncLoadingThreadEnabled:0]]
[2022.02.08-21.37.08:637][  0]LogConfig: Setting CVar [[s.EventDrivenLoaderEnabled:1]]
[2022.02.08-21.37.08:637][  0]LogConfig: Setting CVar [[s.WarnIfTimeLimitExceeded:0]]
[2022.02.08-21.37.08:637][  0]LogConfig: Setting CVar [[s.TimeLimitExceededMultiplier:1.5]]
[2022.02.08-21.37.08:637][  0]LogConfig: Setting CVar [[s.TimeLimitExceededMinTime:0.005]]
[2022.02.08-21.37.08:637][  0]LogConfig: Setting CVar [[s.UseBackgroundLevelStreaming:1]]
[2022.02.08-21.37.08:637][  0]LogConfig: Setting CVar [[s.PriorityAsyncLoadingExtraTime:15.0]]
[2022.02.08-21.37.08:637][  0]LogConfig: Setting CVar [[s.LevelStreamingActorsUpdateTimeLimit:5.0]]
[2022.02.08-21.37.08:637][  0]LogConfig: Setting CVar [[s.PriorityLevelStreamingActorsUpdateExtraTime:5.0]]
[2022.02.08-21.37.08:637][  0]LogConfig: Setting CVar [[s.LevelStreamingComponentsRegistrationGranularity:10]]
[2022.02.08-21.37.08:637][  0]LogConfig: Setting CVar [[s.UnregisterComponentsTimeLimit:1.0]]
[2022.02.08-21.37.08:637][  0]LogConfig: Setting CVar [[s.LevelStreamingComponentsUnregistrationGranularity:5]]
[2022.02.08-21.37.08:637][  0]LogConfig: Setting CVar [[s.FlushStreamingOnExit:1]]
[2022.02.08-21.37.08:637][  0]LogConfig: Applying CVar settings from Section [/Script/Engine.GarbageCollectionSettings] File [D:/bordel/Cours/S4 Québec/Projet de personnalisation/PoC_Grappin/Saved/Config/Windows/Engine.ini]
[2022.02.08-21.37.08:637][  0]LogConfig: Setting CVar [[gc.MaxObjectsNotConsideredByGC:1]]
[2022.02.08-21.37.08:637][  0]LogConfig: Setting CVar [[gc.SizeOfPermanentObjectPool:0]]
[2022.02.08-21.37.08:637][  0]LogConfig: Setting CVar [[gc.FlushStreamingOnGC:0]]
[2022.02.08-21.37.08:637][  0]LogConfig: Setting CVar [[gc.NumRetriesBeforeForcingGC:10]]
[2022.02.08-21.37.08:637][  0]LogConfig: Setting CVar [[gc.AllowParallelGC:1]]
[2022.02.08-21.37.08:637][  0]LogConfig: Setting CVar [[gc.TimeBetweenPurgingPendingKillObjects:61.1]]
[2022.02.08-21.37.08:637][  0]LogConfig: Setting CVar [[gc.MaxObjectsInEditor:25165824]]
[2022.02.08-21.37.08:637][  0]LogConfig: Setting CVar [[gc.IncrementalBeginDestroyEnabled:1]]
[2022.02.08-21.37.08:637][  0]LogConfig: Setting CVar [[gc.CreateGCClusters:1]]
[2022.02.08-21.37.08:637][  0]LogConfig: Setting CVar [[gc.MinGCClusterSize:5]]
[2022.02.08-21.37.08:637][  0]LogConfig: Setting CVar [[gc.ActorClusteringEnabled:0]]
[2022.02.08-21.37.08:638][  0]LogConfig: Setting CVar [[gc.BlueprintClusteringEnabled:0]]
[2022.02.08-21.37.08:638][  0]LogConfig: Setting CVar [[gc.UseDisregardForGCOnDedicatedServers:0]]
[2022.02.08-21.37.08:638][  0]LogConfig: Setting CVar [[gc.MultithreadedDestructionEnabled:1]]
[2022.02.08-21.37.08:638][  0]LogConfig: Applying CVar settings from Section [/Script/Engine.NetworkSettings] File [D:/bordel/Cours/S4 Québec/Projet de personnalisation/PoC_Grappin/Saved/Config/Windows/Engine.ini]
[2022.02.08-21.37.08:638][  0]LogConfig: Applying CVar settings from Section [/Script/UnrealEd.CookerSettings] File [D:/bordel/Cours/S4 Québec/Projet de personnalisation/PoC_Grappin/Saved/Config/Windows/Engine.ini]
[2022.02.08-21.37.08:644][  0]LogConfig: Applying CVar settings from Section [ViewDistanceQuality@3] File [D:/bordel/Cours/S4 Québec/Projet de personnalisation/PoC_Grappin/Saved/Config/Windows/Scalability.ini]
[2022.02.08-21.37.08:644][  0]LogConfig: Setting CVar [[r.SkeletalMeshLODBias:0]]
[2022.02.08-21.37.08:644][  0]LogConfig: Setting CVar [[r.ViewDistanceScale:1.0]]
[2022.02.08-21.37.08:644][  0]LogConfig: Applying CVar settings from Section [AntiAliasingQuality@3] File [D:/bordel/Cours/S4 Québec/Projet de personnalisation/PoC_Grappin/Saved/Config/Windows/Scalability.ini]
[2022.02.08-21.37.08:644][  0]LogConfig: Setting CVar [[r.PostProcessAAQuality:4]]
[2022.02.08-21.37.08:644][  0]LogConfig: Applying CVar settings from Section [ShadowQuality@3] File [D:/bordel/Cours/S4 Québec/Projet de personnalisation/PoC_Grappin/Saved/Config/Windows/Scalability.ini]
[2022.02.08-21.37.08:644][  0]LogConfig: Setting CVar [[r.LightFunctionQuality:1]]
[2022.02.08-21.37.08:645][  0]LogConfig: Setting CVar [[r.ShadowQuality:5]]
[2022.02.08-21.37.08:645][  0]LogConfig: Setting CVar [[r.Shadow.CSM.MaxCascades:10]]
[2022.02.08-21.37.08:645][  0]LogConfig: Setting CVar [[r.Shadow.MaxResolution:2048]]
[2022.02.08-21.37.08:645][  0]LogConfig: Setting CVar [[r.Shadow.MaxCSMResolution:2048]]
[2022.02.08-21.37.08:645][  0]LogConfig: Setting CVar [[r.Shadow.RadiusThreshold:0.01]]
[2022.02.08-21.37.08:645][  0]LogConfig: Setting CVar [[r.Shadow.DistanceScale:1.0]]
[2022.02.08-21.37.08:645][  0]LogConfig: Setting CVar [[r.Shadow.CSM.TransitionScale:1.0]]
[2022.02.08-21.37.08:645][  0]LogConfig: Setting CVar [[r.Shadow.PreShadowResolutionFactor:1.0]]
[2022.02.08-21.37.08:645][  0]LogConfig: Setting CVar [[r.DistanceFieldShadowing:1]]
[2022.02.08-21.37.08:645][  0]LogConfig: Setting CVar [[r.DistanceFieldAO:1]]
[2022.02.08-21.37.08:645][  0]LogConfig: Setting CVar [[r.AOQuality:2]]
[2022.02.08-21.37.08:645][  0]LogConfig: Setting CVar [[r.VolumetricFog:1]]
[2022.02.08-21.37.08:645][  0]LogConfig: Setting CVar [[r.VolumetricFog.GridPixelSize:8]]
[2022.02.08-21.37.08:645][  0]LogConfig: Setting CVar [[r.VolumetricFog.GridSizeZ:128]]
[2022.02.08-21.37.08:645][  0]LogConfig: Setting CVar [[r.VolumetricFog.HistoryMissSupersampleCount:4]]
[2022.02.08-21.37.08:645][  0]LogConfig: Setting CVar [[r.LightMaxDrawDistanceScale:1]]
[2022.02.08-21.37.08:645][  0]LogConfig: Setting CVar [[r.CapsuleShadows:1]]
[2022.02.08-21.37.08:645][  0]LogConfig: Applying CVar settings from Section [PostProcessQuality@3] File [D:/bordel/Cours/S4 Québec/Projet de personnalisation/PoC_Grappin/Saved/Config/Windows/Scalability.ini]
[2022.02.08-21.37.08:645][  0]LogConfig: Setting CVar [[r.MotionBlurQuality:4]]
[2022.02.08-21.37.08:645][  0]LogConfig: Setting CVar [[r.AmbientOcclusionMipLevelFactor:0.4]]
[2022.02.08-21.37.08:645][  0]LogConfig: Setting CVar [[r.AmbientOcclusionMaxQuality:100]]
[2022.02.08-21.37.08:645][  0]LogConfig: Setting CVar [[r.AmbientOcclusionLevels:-1]]
[2022.02.08-21.37.08:645][  0]LogConfig: Setting CVar [[r.AmbientOcclusionRadiusScale:1.0]]
[2022.02.08-21.37.08:645][  0]LogConfig: Setting CVar [[r.DepthOfFieldQuality:2]]
[2022.02.08-21.37.08:645][  0]LogConfig: Setting CVar [[r.RenderTargetPoolMin:400]]
[2022.02.08-21.37.08:645][  0]LogConfig: Setting CVar [[r.LensFlareQuality:2]]
[2022.02.08-21.37.08:645][  0]LogConfig: Setting CVar [[r.SceneColorFringeQuality:1]]
[2022.02.08-21.37.08:645][  0]LogConfig: Setting CVar [[r.EyeAdaptationQuality:2]]
[2022.02.08-21.37.08:645][  0]LogConfig: Setting CVar [[r.BloomQuality:5]]
[2022.02.08-21.37.08:645][  0]LogConfig: Setting CVar [[r.FastBlurThreshold:100]]
[2022.02.08-21.37.08:645][  0]LogConfig: Setting CVar [[r.Upscale.Quality:3]]
[2022.02.08-21.37.08:645][  0]LogConfig: Setting CVar [[r.Tonemapper.GrainQuantization:1]]
[2022.02.08-21.37.08:645][  0]LogConfig: Setting CVar [[r.LightShaftQuality:1]]
[2022.02.08-21.37.08:645][  0]LogConfig: Setting CVar [[r.Filter.SizeScale:1]]
[2022.02.08-21.37.08:645][  0]LogConfig: Setting CVar [[r.Tonemapper.Quality:5]]
[2022.02.08-21.37.08:645][  0]LogConfig: Setting CVar [[r.DOF.Gather.AccumulatorQuality:1        ; higher gathering accumulator quality]]
[2022.02.08-21.37.08:645][  0]LogConfig: Setting CVar [[r.DOF.Gather.PostfilterMethod:1          ; Median3x3 postfilering method]]
[2022.02.08-21.37.08:645][  0]LogConfig: Setting CVar [[r.DOF.Gather.EnableBokehSettings:0       ; no bokeh simulation when gathering]]
[2022.02.08-21.37.08:645][  0]LogConfig: Setting CVar [[r.DOF.Gather.RingCount:4                 ; medium number of samples when gathering]]
[2022.02.08-21.37.08:645][  0]LogConfig: Setting CVar [[r.DOF.Scatter.ForegroundCompositing:1    ; additive foreground scattering]]
[2022.02.08-21.37.08:645][  0]LogConfig: Setting CVar [[r.DOF.Scatter.BackgroundCompositing:2    ; additive background scattering]]
[2022.02.08-21.37.08:645][  0]LogConfig: Setting CVar [[r.DOF.Scatter.EnableBokehSettings:1      ; bokeh simulation when scattering]]
[2022.02.08-21.37.08:645][  0]LogConfig: Setting CVar [[r.DOF.Scatter.MaxSpriteRatio:0.1         ; only a maximum of 10% of scattered bokeh]]
[2022.02.08-21.37.08:645][  0]LogConfig: Setting CVar [[r.DOF.Recombine.Quality:1                ; cheap slight out of focus]]
[2022.02.08-21.37.08:646][  0]LogConfig: Setting CVar [[r.DOF.Recombine.EnableBokehSettings:0    ; no bokeh simulation on slight out of focus]]
[2022.02.08-21.37.08:646][  0]LogConfig: Setting CVar [[r.DOF.TemporalAAQuality:1                ; more stable temporal accumulation]]
[2022.02.08-21.37.08:646][  0]LogConfig: Setting CVar [[r.DOF.Kernel.MaxForegroundRadius:0.025]]
[2022.02.08-21.37.08:646][  0]LogConfig: Setting CVar [[r.DOF.Kernel.MaxBackgroundRadius:0.025]]
[2022.02.08-21.37.08:646][  0]LogConfig: Applying CVar settings from Section [TextureQuality@3] File [D:/bordel/Cours/S4 Québec/Projet de personnalisation/PoC_Grappin/Saved/Config/Windows/Scalability.ini]
[2022.02.08-21.37.08:646][  0]LogConfig: Setting CVar [[r.Streaming.MipBias:0]]
[2022.02.08-21.37.08:646][  0]LogConfig: Setting CVar [[r.Streaming.AmortizeCPUToGPUCopy:0]]
[2022.02.08-21.37.08:646][  0]LogConfig: Setting CVar [[r.Streaming.MaxNumTexturesToStreamPerFrame:0]]
[2022.02.08-21.37.08:646][  0]LogConfig: Setting CVar [[r.Streaming.Boost:1]]
[2022.02.08-21.37.08:646][  0]LogConfig: Setting CVar [[r.MaxAnisotropy:8]]
[2022.02.08-21.37.08:646][  0]LogConfig: Setting CVar [[r.VT.MaxAnisotropy:8]]
[2022.02.08-21.37.08:646][  0]LogConfig: Setting CVar [[r.Streaming.LimitPoolSizeToVRAM:0]]
[2022.02.08-21.37.08:646][  0]LogConfig: Setting CVar [[r.Streaming.PoolSize:1000]]
[2022.02.08-21.37.08:646][  0]LogConfig: Setting CVar [[r.Streaming.MaxEffectiveScreenSize:0]]
[2022.02.08-21.37.08:646][  0]LogConfig: Applying CVar settings from Section [EffectsQuality@3] File [D:/bordel/Cours/S4 Québec/Projet de personnalisation/PoC_Grappin/Saved/Config/Windows/Scalability.ini]
[2022.02.08-21.37.08:646][  0]LogConfig: Setting CVar [[r.TranslucencyLightingVolumeDim:64]]
[2022.02.08-21.37.08:646][  0]LogConfig: Setting CVar [[r.RefractionQuality:2]]
[2022.02.08-21.37.08:646][  0]LogConfig: Setting CVar [[r.SSR.Quality:3]]
[2022.02.08-21.37.08:646][  0]LogConfig: Setting CVar [[r.SSR.HalfResSceneColor:0]]
[2022.02.08-21.37.08:646][  0]LogConfig: Setting CVar [[r.SceneColorFormat:4]]
[2022.02.08-21.37.08:646][  0]LogConfig: Setting CVar [[r.DetailMode:2]]
[2022.02.08-21.37.08:646][  0]LogConfig: Setting CVar [[r.TranslucencyVolumeBlur:1]]
[2022.02.08-21.37.08:646][  0]LogConfig: Setting CVar [[r.MaterialQualityLevel:1 ; High quality]]
[2022.02.08-21.37.08:646][  0]LogConfig: Setting CVar [[r.AnisotropicMaterials:1]]
[2022.02.08-21.37.08:646][  0]LogConfig: Setting CVar [[r.SSS.Scale:1]]
[2022.02.08-21.37.08:646][  0]LogConfig: Setting CVar [[r.SSS.SampleSet:2]]
[2022.02.08-21.37.08:646][  0]LogConfig: Setting CVar [[r.SSS.Quality:1]]
[2022.02.08-21.37.08:646][  0]LogConfig: Setting CVar [[r.SSS.HalfRes:0]]
[2022.02.08-21.37.08:646][  0]LogConfig: Setting CVar [[r.SSGI.Quality:3]]
[2022.02.08-21.37.08:646][  0]LogConfig: Setting CVar [[r.EmitterSpawnRateScale:1.0]]
[2022.02.08-21.37.08:646][  0]LogConfig: Setting CVar [[r.ParticleLightQuality:2]]
[2022.02.08-21.37.08:646][  0]LogConfig: Setting CVar [[r.SkyAtmosphere.AerialPerspectiveLUT.FastApplyOnOpaque:1 ; Always have FastSkyLUT 1 in this case to avoid wrong sky]]
[2022.02.08-21.37.08:646][  0]LogConfig: Setting CVar [[r.SkyAtmosphere.AerialPerspectiveLUT.SampleCountMaxPerSlice:4]]
[2022.02.08-21.37.08:646][  0]LogConfig: Setting CVar [[r.SkyAtmosphere.AerialPerspectiveLUT.DepthResolution:16.0]]
[2022.02.08-21.37.08:646][  0]LogConfig: Setting CVar [[r.SkyAtmosphere.FastSkyLUT:1]]
[2022.02.08-21.37.08:646][  0]LogConfig: Setting CVar [[r.SkyAtmosphere.FastSkyLUT.SampleCountMin:4.0]]
[2022.02.08-21.37.08:646][  0]LogConfig: Setting CVar [[r.SkyAtmosphere.FastSkyLUT.SampleCountMax:128.0]]
[2022.02.08-21.37.08:646][  0]LogConfig: Setting CVar [[r.SkyAtmosphere.SampleCountMin:4.0]]
[2022.02.08-21.37.08:646][  0]LogConfig: Setting CVar [[r.SkyAtmosphere.SampleCountMax:128.0]]
[2022.02.08-21.37.08:646][  0]LogConfig: Setting CVar [[r.SkyAtmosphere.TransmittanceLUT.UseSmallFormat:0]]
[2022.02.08-21.37.08:646][  0]LogConfig: Setting CVar [[r.SkyAtmosphere.TransmittanceLUT.SampleCount:10.0]]
[2022.02.08-21.37.08:646][  0]LogConfig: Setting CVar [[r.SkyAtmosphere.MultiScatteringLUT.SampleCount:15.0]]
[2022.02.08-21.37.08:646][  0]LogConfig: Setting CVar [[r.SkyLight.RealTimeReflectionCapture:1]]
[2022.02.08-21.37.08:646][  0]LogConfig: Applying CVar settings from Section [FoliageQuality@3] File [D:/bordel/Cours/S4 Québec/Projet de personnalisation/PoC_Grappin/Saved/Config/Windows/Scalability.ini]
[2022.02.08-21.37.08:646][  0]LogConfig: Setting CVar [[foliage.DensityScale:1.0]]
[2022.02.08-21.37.08:646][  0]LogConfig: Setting CVar [[grass.DensityScale:1.0]]
[2022.02.08-21.37.08:646][  0]LogConfig: Applying CVar settings from Section [ShadingQuality@3] File [D:/bordel/Cours/S4 Québec/Projet de personnalisation/PoC_Grappin/Saved/Config/Windows/Scalability.ini]
[2022.02.08-21.37.08:646][  0]LogConfig: Setting CVar [[r.HairStrands.SkyLighting.IntegrationType:2]]
[2022.02.08-21.37.08:646][  0]LogConfig: Setting CVar [[r.HairStrands.SkyAO.SampleCount:4]]
[2022.02.08-21.37.08:646][  0]LogConfig: Setting CVar [[r.HairStrands.Visibility.MSAA.SamplePerPixel:4]]
[2022.02.08-21.37.08:646][  0]LogInit: Selected Device Profile: [Windows]
[2022.02.08-21.37.08:646][  0]LogInit: Applying CVar settings loaded from the selected device profile: [Windows]
[2022.02.08-21.37.08:646][  0]LogHAL: Display: Platform has ~ 16 GB [17059717120 / 17179869184 / 16], which maps to Larger [LargestMinGB=32, LargerMinGB=12, DefaultMinGB=8, SmallerMinGB=6, SmallestMinGB=0)
[2022.02.08-21.37.08:646][  0]LogInit: Going up to parent DeviceProfile []
[2022.02.08-21.37.08:646][  0]LogConfig: Applying CVar settings from Section [ViewDistanceQuality@3] File [D:/bordel/Cours/S4 Québec/Projet de personnalisation/PoC_Grappin/Saved/Config/Windows/Scalability.ini]
[2022.02.08-21.37.08:646][  0]LogConfig: Setting CVar [[r.SkeletalMeshLODBias:0]]
[2022.02.08-21.37.08:646][  0]LogConfig: Setting CVar [[r.ViewDistanceScale:1.0]]
[2022.02.08-21.37.08:646][  0]LogConfig: Applying CVar settings from Section [AntiAliasingQuality@3] File [D:/bordel/Cours/S4 Québec/Projet de personnalisation/PoC_Grappin/Saved/Config/Windows/Scalability.ini]
[2022.02.08-21.37.08:646][  0]LogConfig: Setting CVar [[r.PostProcessAAQuality:4]]
[2022.02.08-21.37.08:646][  0]LogConfig: Applying CVar settings from Section [ShadowQuality@3] File [D:/bordel/Cours/S4 Québec/Projet de personnalisation/PoC_Grappin/Saved/Config/Windows/Scalability.ini]
[2022.02.08-21.37.08:646][  0]LogConfig: Setting CVar [[r.LightFunctionQuality:1]]
[2022.02.08-21.37.08:646][  0]LogConfig: Setting CVar [[r.ShadowQuality:5]]
[2022.02.08-21.37.08:646][  0]LogConfig: Setting CVar [[r.Shadow.CSM.MaxCascades:10]]
[2022.02.08-21.37.08:646][  0]LogConfig: Setting CVar [[r.Shadow.MaxResolution:2048]]
[2022.02.08-21.37.08:646][  0]LogConfig: Setting CVar [[r.Shadow.MaxCSMResolution:2048]]
[2022.02.08-21.37.08:646][  0]LogConfig: Setting CVar [[r.Shadow.RadiusThreshold:0.01]]
[2022.02.08-21.37.08:646][  0]LogConfig: Setting CVar [[r.Shadow.DistanceScale:1.0]]
[2022.02.08-21.37.08:646][  0]LogConfig: Setting CVar [[r.Shadow.CSM.TransitionScale:1.0]]
[2022.02.08-21.37.08:646][  0]LogConfig: Setting CVar [[r.Shadow.PreShadowResolutionFactor:1.0]]
[2022.02.08-21.37.08:646][  0]LogConfig: Setting CVar [[r.DistanceFieldShadowing:1]]
[2022.02.08-21.37.08:646][  0]LogConfig: Setting CVar [[r.DistanceFieldAO:1]]
[2022.02.08-21.37.08:646][  0]LogConfig: Setting CVar [[r.AOQuality:2]]
[2022.02.08-21.37.08:647][  0]LogConfig: Setting CVar [[r.VolumetricFog:1]]
[2022.02.08-21.37.08:647][  0]LogConfig: Setting CVar [[r.VolumetricFog.GridPixelSize:8]]
[2022.02.08-21.37.08:647][  0]LogConfig: Setting CVar [[r.VolumetricFog.GridSizeZ:128]]
[2022.02.08-21.37.08:647][  0]LogConfig: Setting CVar [[r.VolumetricFog.HistoryMissSupersampleCount:4]]
[2022.02.08-21.37.08:647][  0]LogConfig: Setting CVar [[r.LightMaxDrawDistanceScale:1]]
[2022.02.08-21.37.08:647][  0]LogConfig: Setting CVar [[r.CapsuleShadows:1]]
[2022.02.08-21.37.08:647][  0]LogConfig: Applying CVar settings from Section [PostProcessQuality@3] File [D:/bordel/Cours/S4 Québec/Projet de personnalisation/PoC_Grappin/Saved/Config/Windows/Scalability.ini]
[2022.02.08-21.37.08:647][  0]LogConfig: Setting CVar [[r.MotionBlurQuality:4]]
[2022.02.08-21.37.08:647][  0]LogConfig: Setting CVar [[r.AmbientOcclusionMipLevelFactor:0.4]]
[2022.02.08-21.37.08:647][  0]LogConfig: Setting CVar [[r.AmbientOcclusionMaxQuality:100]]
[2022.02.08-21.37.08:647][  0]LogConfig: Setting CVar [[r.AmbientOcclusionLevels:-1]]
[2022.02.08-21.37.08:647][  0]LogConfig: Setting CVar [[r.AmbientOcclusionRadiusScale:1.0]]
[2022.02.08-21.37.08:647][  0]LogConfig: Setting CVar [[r.DepthOfFieldQuality:2]]
[2022.02.08-21.37.08:647][  0]LogConfig: Setting CVar [[r.RenderTargetPoolMin:400]]
[2022.02.08-21.37.08:647][  0]LogConfig: Setting CVar [[r.LensFlareQuality:2]]
[2022.02.08-21.37.08:647][  0]LogConfig: Setting CVar [[r.SceneColorFringeQuality:1]]
[2022.02.08-21.37.08:647][  0]LogConfig: Setting CVar [[r.EyeAdaptationQuality:2]]
[2022.02.08-21.37.08:647][  0]LogConfig: Setting CVar [[r.BloomQuality:5]]
[2022.02.08-21.37.08:647][  0]LogConfig: Setting CVar [[r.FastBlurThreshold:100]]
[2022.02.08-21.37.08:647][  0]LogConfig: Setting CVar [[r.Upscale.Quality:3]]
[2022.02.08-21.37.08:647][  0]LogConfig: Setting CVar [[r.Tonemapper.GrainQuantization:1]]
[2022.02.08-21.37.08:647][  0]LogConfig: Setting CVar [[r.LightShaftQuality:1]]
[2022.02.08-21.37.08:647][  0]LogConfig: Setting CVar [[r.Filter.SizeScale:1]]
[2022.02.08-21.37.08:647][  0]LogConfig: Setting CVar [[r.Tonemapper.Quality:5]]
[2022.02.08-21.37.08:647][  0]LogConfig: Setting CVar [[r.DOF.Gather.AccumulatorQuality:1        ; higher gathering accumulator quality]]
[2022.02.08-21.37.08:647][  0]LogConfig: Setting CVar [[r.DOF.Gather.PostfilterMethod:1          ; Median3x3 postfilering method]]
[2022.02.08-21.37.08:647][  0]LogConfig: Setting CVar [[r.DOF.Gather.EnableBokehSettings:0       ; no bokeh simulation when gathering]]
[2022.02.08-21.37.08:647][  0]LogConfig: Setting CVar [[r.DOF.Gather.RingCount:4                 ; medium number of samples when gathering]]
[2022.02.08-21.37.08:647][  0]LogConfig: Setting CVar [[r.DOF.Scatter.ForegroundCompositing:1    ; additive foreground scattering]]
[2022.02.08-21.37.08:647][  0]LogConfig: Setting CVar [[r.DOF.Scatter.BackgroundCompositing:2    ; additive background scattering]]
[2022.02.08-21.37.08:647][  0]LogConfig: Setting CVar [[r.DOF.Scatter.EnableBokehSettings:1      ; bokeh simulation when scattering]]
[2022.02.08-21.37.08:647][  0]LogConfig: Setting CVar [[r.DOF.Scatter.MaxSpriteRatio:0.1         ; only a maximum of 10% of scattered bokeh]]
[2022.02.08-21.37.08:647][  0]LogConfig: Setting CVar [[r.DOF.Recombine.Quality:1                ; cheap slight out of focus]]
[2022.02.08-21.37.08:647][  0]LogConfig: Setting CVar [[r.DOF.Recombine.EnableBokehSettings:0    ; no bokeh simulation on slight out of focus]]
[2022.02.08-21.37.08:647][  0]LogConfig: Setting CVar [[r.DOF.TemporalAAQuality:1                ; more stable temporal accumulation]]
[2022.02.08-21.37.08:647][  0]LogConfig: Setting CVar [[r.DOF.Kernel.MaxForegroundRadius:0.025]]
[2022.02.08-21.37.08:647][  0]LogConfig: Setting CVar [[r.DOF.Kernel.MaxBackgroundRadius:0.025]]
[2022.02.08-21.37.08:648][  0]LogConfig: Applying CVar settings from Section [TextureQuality@3] File [D:/bordel/Cours/S4 Québec/Projet de personnalisation/PoC_Grappin/Saved/Config/Windows/Scalability.ini]
[2022.02.08-21.37.08:648][  0]LogConfig: Setting CVar [[r.Streaming.MipBias:0]]
[2022.02.08-21.37.08:648][  0]LogConfig: Setting CVar [[r.Streaming.AmortizeCPUToGPUCopy:0]]
[2022.02.08-21.37.08:648][  0]LogConfig: Setting CVar [[r.Streaming.MaxNumTexturesToStreamPerFrame:0]]
[2022.02.08-21.37.08:648][  0]LogConfig: Setting CVar [[r.Streaming.Boost:1]]
[2022.02.08-21.37.08:648][  0]LogConfig: Setting CVar [[r.MaxAnisotropy:8]]
[2022.02.08-21.37.08:648][  0]LogConfig: Setting CVar [[r.VT.MaxAnisotropy:8]]
[2022.02.08-21.37.08:648][  0]LogConfig: Setting CVar [[r.Streaming.LimitPoolSizeToVRAM:0]]
[2022.02.08-21.37.08:648][  0]LogConfig: Setting CVar [[r.Streaming.PoolSize:1000]]
[2022.02.08-21.37.08:648][  0]LogConfig: Setting CVar [[r.Streaming.MaxEffectiveScreenSize:0]]
[2022.02.08-21.37.08:648][  0]LogConfig: Applying CVar settings from Section [EffectsQuality@3] File [D:/bordel/Cours/S4 Québec/Projet de personnalisation/PoC_Grappin/Saved/Config/Windows/Scalability.ini]
[2022.02.08-21.37.08:648][  0]LogConfig: Setting CVar [[r.TranslucencyLightingVolumeDim:64]]
[2022.02.08-21.37.08:648][  0]LogConfig: Setting CVar [[r.RefractionQuality:2]]
[2022.02.08-21.37.08:648][  0]LogConfig: Setting CVar [[r.SSR.Quality:3]]
[2022.02.08-21.37.08:648][  0]LogConfig: Setting CVar [[r.SSR.HalfResSceneColor:0]]
[2022.02.08-21.37.08:648][  0]LogConfig: Setting CVar [[r.SceneColorFormat:4]]
[2022.02.08-21.37.08:648][  0]LogConfig: Setting CVar [[r.DetailMode:2]]
[2022.02.08-21.37.08:648][  0]LogConfig: Setting CVar [[r.TranslucencyVolumeBlur:1]]
[2022.02.08-21.37.08:648][  0]LogConfig: Setting CVar [[r.MaterialQualityLevel:1 ; High quality]]
[2022.02.08-21.37.08:648][  0]LogConfig: Setting CVar [[r.AnisotropicMaterials:1]]
[2022.02.08-21.37.08:648][  0]LogConfig: Setting CVar [[r.SSS.Scale:1]]
[2022.02.08-21.37.08:648][  0]LogConfig: Setting CVar [[r.SSS.SampleSet:2]]
[2022.02.08-21.37.08:648][  0]LogConfig: Setting CVar [[r.SSS.Quality:1]]
[2022.02.08-21.37.08:648][  0]LogConfig: Setting CVar [[r.SSS.HalfRes:0]]
[2022.02.08-21.37.08:648][  0]LogConfig: Setting CVar [[r.SSGI.Quality:3]]
[2022.02.08-21.37.08:648][  0]LogConfig: Setting CVar [[r.EmitterSpawnRateScale:1.0]]
[2022.02.08-21.37.08:648][  0]LogConfig: Setting CVar [[r.ParticleLightQuality:2]]
[2022.02.08-21.37.08:648][  0]LogConfig: Setting CVar [[r.SkyAtmosphere.AerialPerspectiveLUT.FastApplyOnOpaque:1 ; Always have FastSkyLUT 1 in this case to avoid wrong sky]]
[2022.02.08-21.37.08:648][  0]LogConfig: Setting CVar [[r.SkyAtmosphere.AerialPerspectiveLUT.SampleCountMaxPerSlice:4]]
[2022.02.08-21.37.08:648][  0]LogConfig: Setting CVar [[r.SkyAtmosphere.AerialPerspectiveLUT.DepthResolution:16.0]]
[2022.02.08-21.37.08:648][  0]LogConfig: Setting CVar [[r.SkyAtmosphere.FastSkyLUT:1]]
[2022.02.08-21.37.08:648][  0]LogConfig: Setting CVar [[r.SkyAtmosphere.FastSkyLUT.SampleCountMin:4.0]]
[2022.02.08-21.37.08:648][  0]LogConfig: Setting CVar [[r.SkyAtmosphere.FastSkyLUT.SampleCountMax:128.0]]
[2022.02.08-21.37.08:648][  0]LogConfig: Setting CVar [[r.SkyAtmosphere.SampleCountMin:4.0]]
[2022.02.08-21.37.08:648][  0]LogConfig: Setting CVar [[r.SkyAtmosphere.SampleCountMax:128.0]]
[2022.02.08-21.37.08:648][  0]LogConfig: Setting CVar [[r.SkyAtmosphere.TransmittanceLUT.UseSmallFormat:0]]
[2022.02.08-21.37.08:648][  0]LogConfig: Setting CVar [[r.SkyAtmosphere.TransmittanceLUT.SampleCount:10.0]]
[2022.02.08-21.37.08:648][  0]LogConfig: Setting CVar [[r.SkyAtmosphere.MultiScatteringLUT.SampleCount:15.0]]
[2022.02.08-21.37.08:648][  0]LogConfig: Setting CVar [[r.SkyLight.RealTimeReflectionCapture:1]]
[2022.02.08-21.37.08:648][  0]LogConfig: Applying CVar settings from Section [FoliageQuality@3] File [D:/bordel/Cours/S4 Québec/Projet de personnalisation/PoC_Grappin/Saved/Config/Windows/Scalability.ini]
[2022.02.08-21.37.08:648][  0]LogConfig: Setting CVar [[foliage.DensityScale:1.0]]
[2022.02.08-21.37.08:648][  0]LogConfig: Setting CVar [[grass.DensityScale:1.0]]
[2022.02.08-21.37.08:648][  0]LogConfig: Applying CVar settings from Section [ShadingQuality@3] File [D:/bordel/Cours/S4 Québec/Projet de personnalisation/PoC_Grappin/Saved/Config/Windows/Scalability.ini]
[2022.02.08-21.37.08:648][  0]LogConfig: Setting CVar [[r.HairStrands.SkyLighting.IntegrationType:2]]
[2022.02.08-21.37.08:648][  0]LogConfig: Setting CVar [[r.HairStrands.SkyAO.SampleCount:4]]
[2022.02.08-21.37.08:648][  0]LogConfig: Setting CVar [[r.HairStrands.Visibility.MSAA.SamplePerPixel:4]]
[2022.02.08-21.37.08:648][  0]LogConfig: Applying CVar settings from Section [Startup] File [../../../Engine/Config/ConsoleVariables.ini]
[2022.02.08-21.37.08:648][  0]LogConfig: Setting CVar [[net.UseAdaptiveNetUpdateFrequency:0]]
[2022.02.08-21.37.08:648][  0]LogConfig: Setting CVar [[p.chaos.AllowCreatePhysxBodies:1]]
[2022.02.08-21.37.08:648][  0]LogConfig: Setting CVar [[fx.SkipVectorVMBackendOptimizations:1]]
[2022.02.08-21.37.08:648][  0]LogConfig: Applying CVar settings from Section [ConsoleVariables] File [D:/bordel/Cours/S4 Québec/Projet de personnalisation/PoC_Grappin/Saved/Config/Windows/Engine.ini]
[2022.02.08-21.37.08:648][  0]LogConfig: Applying CVar settings from Section [ConsoleVariables] File [D:/bordel/Cours/S4 Québec/Projet de personnalisation/PoC_Grappin/Saved/Config/Windows/Editor.ini]
[2022.02.08-21.37.08:649][  0]LogInit: Computer: MSI
[2022.02.08-21.37.08:649][  0]LogInit: User: manoe
[2022.02.08-21.37.08:649][  0]LogInit: CPU Page size=4096, Cores=4
[2022.02.08-21.37.08:649][  0]LogInit: High frequency timer resolution =10.000000 MHz
[2022.02.08-21.37.08:649][  0]LogMemory: Memory total: Physical=15.9GB (16GB approx)
[2022.02.08-21.37.08:649][  0]LogMemory: Platform Memory Stats for Windows
[2022.02.08-21.37.08:649][  0]LogMemory: Process Physical Memory: 144.80 MB used, 144.86 MB peak
[2022.02.08-21.37.08:649][  0]LogMemory: Process Virtual Memory: 128.50 MB used, 128.50 MB peak
[2022.02.08-21.37.08:649][  0]LogMemory: Physical Memory: 7660.35 MB used,  8609.06 MB free, 16269.41 MB total
[2022.02.08-21.37.08:649][  0]LogMemory: Virtual Memory: 134207064.00 MB used,  10662.85 MB free, 134217728.00 MB total
[2022.02.08-21.37.08:654][  0]LogWindows: WindowsPlatformFeatures enabled
[2022.02.08-21.37.08:721][  0]LogInit: Physics initialised using underlying interface: PhysX
[2022.02.08-21.37.08:941][  0]LogInit: Using OS detected language (fr-FR).
[2022.02.08-21.37.08:941][  0]LogInit: Using OS detected locale (fr-FR).
[2022.02.08-21.37.08:943][  0]LogTextLocalizationManager: No specific localization for 'fr-FR' exists, so the 'fr' localization will be used.
[2022.02.08-21.37.08:944][  0]LogTextLocalizationResource: LocRes '../../../Engine/Content/Localization/Editor/fr/Editor.locres' could not be opened for reading!
[2022.02.08-21.37.08:944][  0]LogTextLocalizationResource: LocRes '../../../Engine/Content/Localization/EditorTutorials/fr/EditorTutorials.locres' could not be opened for reading!
[2022.02.08-21.37.08:944][  0]LogTextLocalizationResource: LocRes '../../../Engine/Content/Localization/Keywords/fr/Keywords.locres' could not be opened for reading!
[2022.02.08-21.37.08:944][  0]LogTextLocalizationResource: LocRes '../../../Engine/Content/Localization/Category/fr/Category.locres' could not be opened for reading!
[2022.02.08-21.37.08:944][  0]LogTextLocalizationResource: LocRes '../../../Engine/Content/Localization/ToolTips/fr/ToolTips.locres' could not be opened for reading!
[2022.02.08-21.37.08:944][  0]LogTextLocalizationResource: LocRes '../../../Engine/Content/Localization/PropertyNames/fr/PropertyNames.locres' could not be opened for reading!
[2022.02.08-21.37.08:944][  0]LogTextLocalizationResource: LocRes '../../../Engine/Content/Localization/Engine/fr/Engine.locres' could not be opened for reading!
[2022.02.08-21.37.08:945][  0]LogInit: Setting process to per monitor DPI aware
[2022.02.08-21.37.08:955][  0]LogWindowsTextInputMethodSystem: Display: IME system deactivated.
[2022.02.08-21.37.08:966][  0]LogSlate: New Slate User Created.  User Index 0, Is Virtual User: 0
[2022.02.08-21.37.08:966][  0]LogSlate: Slate User Registered.  User Index 0, Is Virtual User: 0
[2022.02.08-21.37.09:116][  0]LogD3D11RHI: Loaded GFSDK_Aftermath_Lib.x64.dll
[2022.02.08-21.37.09:207][  0]LogHMD: Failed to initialize OpenVR with code 126
[2022.02.08-21.37.09:207][  0]LogD3D11RHI: D3D11 min allowed feature level: 11_0
[2022.02.08-21.37.09:207][  0]LogD3D11RHI: D3D11 max allowed feature level: 11_0
[2022.02.08-21.37.09:207][  0]LogD3D11RHI: D3D11 adapters:
[2022.02.08-21.37.10:071][  0]LogD3D11RHI:    0. 'NVIDIA GeForce GTX 1070' (Feature Level 11_0)
[2022.02.08-21.37.10:071][  0]LogD3D11RHI:       8082/0/8134 MB DedicatedVideo/DedicatedSystem/SharedSystem, Outputs:1, VendorId:0x10de
[2022.02.08-21.37.10:101][  0]LogD3D11RHI:    1. 'Intel(R) HD Graphics 630' (Feature Level 11_0)
[2022.02.08-21.37.10:101][  0]LogD3D11RHI:       128/0/8134 MB DedicatedVideo/DedicatedSystem/SharedSystem, Outputs:0, VendorId:0x8086
[2022.02.08-21.37.10:104][  0]LogD3D11RHI:    2. 'Microsoft Basic Render Driver' (Feature Level 11_0)
[2022.02.08-21.37.10:104][  0]LogD3D11RHI:       0/0/8134 MB DedicatedVideo/DedicatedSystem/SharedSystem, Outputs:0, VendorId:0x1414
[2022.02.08-21.37.10:104][  0]LogD3D11RHI: Chosen D3D11 Adapter:
[2022.02.08-21.37.10:104][  0]LogD3D11RHI:     Description : NVIDIA GeForce GTX 1070
[2022.02.08-21.37.10:104][  0]LogD3D11RHI:     VendorId    : 10de
[2022.02.08-21.37.10:104][  0]LogD3D11RHI:     DeviceId    : 1ba1
[2022.02.08-21.37.10:104][  0]LogD3D11RHI:     SubSysId    : 11de1462
[2022.02.08-21.37.10:104][  0]LogD3D11RHI:     Revision    : 00a1
[2022.02.08-21.37.10:104][  0]LogD3D11RHI:     DedicatedVideoMemory : 8474591232 bytes
[2022.02.08-21.37.10:104][  0]LogD3D11RHI:     DedicatedSystemMemory : 0 bytes
[2022.02.08-21.37.10:104][  0]LogD3D11RHI:     SharedSystemMemory : 8529858560 bytes
[2022.02.08-21.37.10:104][  0]LogD3D11RHI:     AdapterLuid : 0 110531
[2022.02.08-21.37.10:110][  0]LogD3D11RHI: Creating new Direct3DDevice
[2022.02.08-21.37.10:110][  0]LogD3D11RHI:     GPU DeviceId: 0x1ba1 (for the marketing name, search the web for "GPU Device Id")
[2022.02.08-21.37.10:110][  0]LogWindows: EnumDisplayDevices:
[2022.02.08-21.37.10:110][  0]LogWindows:    0. 'Intel(R) HD Graphics 630' (P:1 D:1)
[2022.02.08-21.37.10:110][  0]LogWindows:    1. 'Intel(R) HD Graphics 630' (P:0 D:0)
[2022.02.08-21.37.10:111][  0]LogWindows:    2. 'Intel(R) HD Graphics 630' (P:0 D:0)
[2022.02.08-21.37.10:111][  0]LogWindows:    3. 'NVIDIA GeForce GTX 1070' (P:0 D:0)
[2022.02.08-21.37.10:111][  0]LogWindows:    4. 'NVIDIA GeForce GTX 1070' (P:0 D:0)
[2022.02.08-21.37.10:112][  0]LogWindows:    5. 'NVIDIA GeForce GTX 1070' (P:0 D:0)
[2022.02.08-21.37.10:112][  0]LogWindows:    6. 'NVIDIA GeForce GTX 1070' (P:0 D:0)
[2022.02.08-21.37.10:112][  0]LogWindows: DebugString: PrimaryIsNotTheChoosenAdapter PrimaryIsNotTheChoosenAdapter PrimaryIsNotTheChoosenAdapter FoundDriverCount:4 
[2022.02.08-21.37.10:112][  0]LogD3D11RHI:     Adapter Name: NVIDIA GeForce GTX 1070
[2022.02.08-21.37.10:112][  0]LogD3D11RHI:   Driver Version: 511.65 (internal:30.0.15.1165, unified:511.65)
[2022.02.08-21.37.10:112][  0]LogD3D11RHI:      Driver Date: 1-28-2022
[2022.02.08-21.37.10:112][  0]LogRHI: Texture pool is 5657 MB (70% of 8082 MB)
[2022.02.08-21.37.10:112][  0]LogD3D11RHI: Creating D3DDevice using adapter:
[2022.02.08-21.37.10:112][  0]LogD3D11RHI:     Description : NVIDIA GeForce GTX 1070
[2022.02.08-21.37.10:112][  0]LogD3D11RHI:     VendorId    : 10de
[2022.02.08-21.37.10:112][  0]LogD3D11RHI:     DeviceId    : 1ba1
[2022.02.08-21.37.10:112][  0]LogD3D11RHI:     SubSysId    : 11de1462
[2022.02.08-21.37.10:112][  0]LogD3D11RHI:     Revision    : 00a1
[2022.02.08-21.37.10:112][  0]LogD3D11RHI:     DedicatedVideoMemory : 8474591232 bytes
[2022.02.08-21.37.10:112][  0]LogD3D11RHI:     DedicatedSystemMemory : 0 bytes
[2022.02.08-21.37.10:112][  0]LogD3D11RHI:     SharedSystemMemory : 8529858560 bytes
[2022.02.08-21.37.10:112][  0]LogD3D11RHI:     AdapterLuid : 0 110531
[2022.02.08-21.37.10:191][  0]LogD3D11RHI: RHI has support for 64 bit atomics
[2022.02.08-21.37.10:191][  0]LogD3D11RHI: Async texture creation enabled
[2022.02.08-21.37.10:191][  0]LogD3D11RHI: Array index from any shader is supported
[2022.02.08-21.37.10:210][  0]LogD3D11RHI: GPU Timing Frequency: 1000.000000 (Debug: 2 1)
[2022.02.08-21.37.10:241][  0]LogRHI: GeForceNow SDK initialized: 1
[2022.02.08-21.37.10:595][  0]LogTargetPlatformManager: Display: Loaded TargetPlatform 'AllDesktop'
[2022.02.08-21.37.10:619][  0]LogTargetPlatformManager: Display: Loaded TargetPlatform 'Android'
[2022.02.08-21.37.10:619][  0]LogTargetPlatformManager: Display: Loaded TargetPlatform 'Android_ASTC'
[2022.02.08-21.37.10:619][  0]LogTargetPlatformManager: Display: Loaded TargetPlatform 'Android_DXT'
[2022.02.08-21.37.10:619][  0]LogTargetPlatformManager: Display: Loaded TargetPlatform 'Android_ETC2'
[2022.02.08-21.37.10:619][  0]LogTargetPlatformManager: Display: Loaded TargetPlatform 'AndroidClient'
[2022.02.08-21.37.10:619][  0]LogTargetPlatformManager: Display: Loaded TargetPlatform 'Android_ASTCClient'
[2022.02.08-21.37.10:619][  0]LogTargetPlatformManager: Display: Loaded TargetPlatform 'Android_DXTClient'
[2022.02.08-21.37.10:619][  0]LogTargetPlatformManager: Display: Loaded TargetPlatform 'Android_ETC2Client'
[2022.02.08-21.37.10:619][  0]LogTargetPlatformManager: Display: Loaded TargetPlatform 'Android_Multi'
[2022.02.08-21.37.10:619][  0]LogTargetPlatformManager: Display: Loaded TargetPlatform 'Android_MultiClient'
[2022.02.08-21.37.10:638][  0]LogTargetPlatformManager: Display: Loaded TargetPlatform 'IOSClient'
[2022.02.08-21.37.10:638][  0]LogTargetPlatformManager: Display: Loaded TargetPlatform 'IOS'
[2022.02.08-21.37.10:648][  0]LogTargetPlatformManager: Display: Loaded TargetPlatform 'Linux'
[2022.02.08-21.37.10:652][  0]LogTargetPlatformManager: Display: Loaded TargetPlatform 'LinuxNoEditor'
[2022.02.08-21.37.10:657][  0]LogTargetPlatformManager: Display: Loaded TargetPlatform 'LinuxClient'
[2022.02.08-21.37.10:663][  0]LogTargetPlatformManager: Display: Loaded TargetPlatform 'LinuxServer'
[2022.02.08-21.37.10:671][  0]LogTargetPlatformManager: Display: Loaded TargetPlatform 'LinuxAArch64NoEditor'
[2022.02.08-21.37.10:676][  0]LogTargetPlatformManager: Display: Loaded TargetPlatform 'LinuxAArch64Client'
[2022.02.08-21.37.10:680][  0]LogTargetPlatformManager: Display: Loaded TargetPlatform 'LinuxAArch64Server'
[2022.02.08-21.37.10:706][  0]LogTargetPlatformManager: Display: Loaded TargetPlatform 'Lumin'
[2022.02.08-21.37.10:706][  0]LogTargetPlatformManager: Display: Loaded TargetPlatform 'LuminClient'
[2022.02.08-21.37.10:716][  0]LogTargetPlatformManager: Display: Loaded TargetPlatform 'MacNoEditor'
[2022.02.08-21.37.10:722][  0]LogTargetPlatformManager: Display: Loaded TargetPlatform 'Mac'
[2022.02.08-21.37.10:726][  0]LogTargetPlatformManager: Display: Loaded TargetPlatform 'MacClient'
[2022.02.08-21.37.10:730][  0]LogTargetPlatformManager: Display: Loaded TargetPlatform 'MacServer'
[2022.02.08-21.37.10:742][  0]LogTargetPlatformManager: Display: Loaded TargetPlatform 'TVOSClient'
[2022.02.08-21.37.10:742][  0]LogTargetPlatformManager: Display: Loaded TargetPlatform 'TVOS'
[2022.02.08-21.37.10:749][  0]LogTargetPlatformManager: Display: Loaded TargetPlatform 'WindowsNoEditor'
[2022.02.08-21.37.10:754][  0]LogTargetPlatformManager: Display: Loaded TargetPlatform 'Windows'
[2022.02.08-21.37.10:758][  0]LogTargetPlatformManager: Display: Loaded TargetPlatform 'WindowsClient'
[2022.02.08-21.37.10:763][  0]LogTargetPlatformManager: Display: Loaded TargetPlatform 'WindowsServer'
[2022.02.08-21.37.10:763][  0]LogTargetPlatformManager: Display: Building Assets For Windows
[2022.02.08-21.37.10:771][  0]LogAudioDebug: Display: Lib vorbis DLL was dynamically loaded.
[2022.02.08-21.37.10:799][  0]LogTextureFormatOodle: Display: Oodle Texture 2.9.0 init RDO Off
[2022.02.08-21.37.10:836][  0]LogRendererCore: Ray tracing is disabled. Reason: r.RayTracing=0.
[2022.02.08-21.37.10:836][  0]LogShaderCompilers: Guid format shader working directory is -33 characters bigger than the processId version (../../../../../../bordel/Cours/S4 Québec/Projet de personnalisation/PoC_Grappin/Intermediate/Shaders/WorkingDirectory/1456/).
[2022.02.08-21.37.10:836][  0]LogShaderCompilers: Cleaned the shader compiler working directory 'C:/Users/manoe/AppData/Local/Temp/UnrealShaderWorkingDir/57C6043A4B5D5709944DC3A00B5DECAC/'.
[2022.02.08-21.37.10:836][  0]LogXGEController: Cannot use XGE Controller as Incredibuild is not installed on this machine.
[2022.02.08-21.37.10:836][  0]LogShaderCompilers: Cannot use XGE Shader Compiler as Incredibuild is not installed on this machine.
[2022.02.08-21.37.10:836][  0]LogShaderCompilers: Display: Using Local Shader Compiler.
[2022.02.08-21.37.11:743][  0]LogDerivedDataCache: Display: Max Cache Size: 512 MB
[2022.02.08-21.37.11:805][  0]LogDerivedDataCache: Loaded boot cache 0.06s 94MB C:/Users/manoe/AppData/Local/UnrealEngine/4.27/DerivedDataCache/Boot.ddc.
[2022.02.08-21.37.11:805][  0]LogDerivedDataCache: Display: Loaded Boot cache: C:/Users/manoe/AppData/Local/UnrealEngine/4.27/DerivedDataCache/Boot.ddc
[2022.02.08-21.37.11:805][  0]LogDerivedDataCache: FDerivedDataBackendGraph:  Pak pak cache file ../../../../../../bordel/Cours/S4 Québec/Projet de personnalisation/PoC_Grappin/DerivedDataCache/DDC.ddp not found, will not use a pak cache.
[2022.02.08-21.37.11:805][  0]LogDerivedDataCache: Unable to find inner node Pak for hierarchical cache Hierarchy.
[2022.02.08-21.37.11:806][  0]LogDerivedDataCache: FDerivedDataBackendGraph:  CompressedPak pak cache file ../../../../../../bordel/Cours/S4 Québec/Projet de personnalisation/PoC_Grappin/DerivedDataCache/Compressed.ddp not found, will not use a pak cache.
[2022.02.08-21.37.11:806][  0]LogDerivedDataCache: Unable to find inner node CompressedPak for hierarchical cache Hierarchy.
[2022.02.08-21.37.11:825][  0]LogDerivedDataCache: Display: Pak cache opened for reading ../../../Engine/DerivedDataCache/Compressed.ddp.
[2022.02.08-21.37.11:825][  0]LogDerivedDataCache: FDerivedDataBackendGraph:  EnterprisePak pak cache file ../../../Enterprise/DerivedDataCache/Compressed.ddp not found, will not use a pak cache.
[2022.02.08-21.37.11:825][  0]LogDerivedDataCache: Unable to find inner node EnterprisePak for hierarchical cache Hierarchy.
[2022.02.08-21.37.11:837][  0]LogDerivedDataCache: Speed tests for C:/Users/manoe/AppData/Local/UnrealEngine/Common/DerivedDataCache took 0.01 seconds
[2022.02.08-21.37.11:837][  0]LogDerivedDataCache: Display: Performance to C:/Users/manoe/AppData/Local/UnrealEngine/Common/DerivedDataCache: Latency=0.02ms. RandomReadSpeed=1302.63MBs, RandomWriteSpeed=82.19MBs. Assigned SpeedClass 'Local'
[2022.02.08-21.37.11:839][  0]LogDerivedDataCache: Using Local data cache path C:/Users/manoe/AppData/Local/UnrealEngine/Common/DerivedDataCache: Writable
[2022.02.08-21.37.11:839][  0]LogDerivedDataCache: Shared data cache path not found in *engine.ini, will not use an Shared cache.
[2022.02.08-21.37.11:839][  0]LogDerivedDataCache: Unable to find inner node Shared for hierarchical cache Hierarchy.
[2022.02.08-21.37.11:900][  0]LogSlate: Using FreeType 2.10.0
[2022.02.08-21.37.11:900][  0]LogSlate: SlateFontServices - WITH_FREETYPE: 1, WITH_HARFBUZZ: 1
[2022.02.08-21.37.11:930][  0]LogAssetRegistry: FAssetRegistry took 0.0026 seconds to start up
[2022.02.08-21.37.12:226][  0]LogInit: Selected Device Profile: [Windows]
[2022.02.08-21.37.12:226][  0]LogInit: Active device profile: [00000192B6DBD100][00000192AE75DB00 49] Windows
[2022.02.08-21.37.12:226][  0]LogInit: Profiles: [00000192B6DBD100][00000192AE75DB00 49] Windows, [00000192B6D7ED00][00000192B4E4E100 49] WindowsNoEditor, [00000192B6DBE200][00000192B4E52280 49] WindowsServer, [00000192B6D7DF00][00000192B4E56400 49] WindowsClient, [00000192B6DBD700][00000192B4E5A580 49] IOS, [00000192B6D7EF00][00000192B4E5E700 49] iPadAir, [00000192B6DBFC00][00000192B4E62880 49] iPadAir2, [00000192B6D39400][00000192B4E66AC0 49] IPadPro, [00000192B6D39500][00000192B4E4AB00 49] iPadAir3, [00000192B6D7DA00][00000192B4E6AC40 49] iPadAir4, [00000192B6D3A300][00000192B4E6ED80 49] iPadMini2, [00000192B6D7F700][00000192B4E76F00 49] iPadMini3, [00000192B6D3AF00][00000192B4E7B080 49] iPadMini4, [00000192B6D7E400][00000192B4E7F200 49] iPadMini5, [00000192B6D4D000][00000192B4E874C0 49] iPhone6, [00000192B6D4D100][00000192B4E83500 49] iPodTouch6, [00000192B6DBF900][00000192B4E8F7C0 49] iPhone7, [00000192B6DBE900][00000192B4E8B800 49] iPodTouch7, [00000192B6D39000][00000192B4E93980 49] iPhone5S, [00000192B6DBEF00][00000192B4E97B00 49] iPhone6Plus, [00000192B6D3B600][00000192B4E9A100 49] iPhone6S, [00000192B6DBCC00][00000192B588E280 49] iPhone6SPlus, [00000192B6DBDD00][00000192B5892400 49] iPhone7Plus, [00000192B6D4C800][00000192B5896580 49] iPhoneSE, [00000192B6DBC400][00000192B589A700 49] iPhone8, [00000192B6D4C900][00000192B589E880 49] iPhone8Plus, [00000192B6D4EE00][00000192B58A2A00 49] iPhoneX, [00000192B6D39D00][00000192B4E72B40 49] iPhoneXS, [00000192B6D4E700][00000192B58A6C80 49] iPhoneXSMax, [00000192B6D39C00][00000192B58AADC0 49] iPhoneXR, [00000192B6D4E800][00000192B58AEF00 49] iPhone11, [00000192B6D38F00][00000192B58B7080 49] iPhone11Pro, [00000192B6D4CB00][00000192B58BB200 49] iPhone11ProMax, [00000192B6D38D00][00000192B58BF380 49] iPhoneSE2, [00000192B6D4CE00][00000192B58C3500 49] iPhone12Mini, [00000192B6DBF800][00000192B58C7680 49] iPhone12, [00000192B6D4F000][00000192B58CB800 49] iPhone12Pro, [00000192B6DBF700][00000192B58CF980 49] iPhone12ProMax, [00000192B6D4DE00][00000192B58D3B00 49] iPadPro105, [00000192B6DBD300][00000192B58D6100 49] iPadPro129, [00000192B6D4FE00][00000192B58DA280 49] iPadPro97, [00000192B6DBDC00][00000192B58DE400 49] iPadPro2_129, [00000192B6D4E000][00000192B58E2580 49] iPad5, [00000192B6DBE300][00000192B58E6700 49] iPad6, [00000192B6D4FB00][00000192B58EA880 49] iPad7, [00000192B6DBDE00][00000192B58EEA00 49] iPad8, [00000192B6D4CA00][00000192B58F2B80 49] iPadPro11, [00000192B6DBE600][00000192B58F6D00 49] iPadPro2_11, [00000192B6D4CF00][00000192B58B2E40 49] iPadPro3_129, [00000192B6DBE800][00000192B58FAF80 49] iPadPro4_129, [00000192B6D4FC00][00000192B58FF0C0 49] AppleTV, [00000192B6DBDA00][00000192B5907240 49] AppleTV4K, [00000192B6D4E600][00000192B590B3C0 49] TVOS, [00000192B6DBE100][00000192B590F540 49] Mac, [00000192B6D4EF00][00000192B59136C0 49] MacClient, [00000192B6DBEA00][00000192B5917840 49] MacNoEditor, [00000192B6D4EC00][00000192B591B9C0 49] MacServer, [00000192B6DBF000][00000192B591FB40 49] Linux, [00000192B6D4C400][00000192B5922140 49] LinuxAArch64, [00000192B6DBC700][00000192B59262C0 49] LinuxNoEditor, [00000192B6D4F700][00000192B592A440 49] LinuxAArch64NoEditor, [00000192B6DBFB00][00000192B592E5C0 49] LinuxClient, [00000192B6D4F400][00000192B5932740 49] LinuxAArch64Client, [00000192B6DBFE00][00000192B59368C0 49] LinuxServer, [00000192B6D4C700][00000192B593AA40 49] LinuxAArch64Server, [00000192B6DBDF00][00000192B593EBC0 49] Android, [00000192B6D4EA00][00000192B5942D40 49] Android_Low, [00000192B6DBED00][00000192B5946EC0 49] Android_Mid, [00000192B6D4DF00][00000192B5903000 49] Android_High, [00000192B6DBEB00][00000192B594B140 49] Android_Default, [00000192B6D4C100][00000192B594F280 49] Android_Adreno4xx, [00000192B6DBC500][00000192B59533C0 49] Android_Adreno5xx_Low, [00000192B6D4D400][00000192B595B540 49] Android_Adreno5xx, [00000192B6DBF400][00000192B595F6C0 49] Android_Adreno6xx, [00000192B6D4E300][00000192B5963840 49] Android_Adreno6xx_Vulkan, [00000192B6DBFD00][00000192B59679C0 49] Android_Mali_T6xx, [00000192B6D4C200][00000192B596BB40 49] Android_Mali_T7xx, [00000192B6DBF600][00000192B596E140 49] Android_Mali_T8xx, [00000192B6D4F200][00000192B59722C0 49] Android_Mali_G71, [00000192B6D3B100][00000192B5976440 49] Android_Mali_G72, [00000192B6D7F500][00000192B597A5C0 49] Android_Mali_G72_Vulkan, [00000192B6D3AB00][00000192B597E740 49] Android_Mali_G76, [00000192B6D7C500][00000192B59828C0 49] Android_Mali_G76_Vulkan, [00000192B6D38C00][00000192B5986A40 49] Android_Mali_G77, [00000192B6D7C600][00000192B598ABC0 49] Android_Mali_G77_Vulkan, [00000192B6D3A400][00000192B598ED40 49] Android_Mali_G78, [00000192B6D7CD00][00000192B5992EC0 49] Android_Mali_G78_Vulkan, [00000192B6D3BD00][00000192B5997040 49] Android_Mali_G710, [00000192B6D7F100][00000192B5957180 49] Android_Mali_G710_Vulkan, [00000192B6D3AA00][00000192B599B2C0 49] Android_Vulkan_SM5, [00000192B6D7E000][00000192B599F400 49] Android_PowerVR_G6xxx, [00000192B6D38500][00000192B59A3540 49] Android_PowerVR_GT7xxx, [00000192B6D7C200][00000192B59AB6C0 49] Android_PowerVR_GE8xxx, [00000192B6D3BB00][00000192B59AF840 49] Android_PowerVR_GM9xxx, [00000192B6D7E700][00000192B59B39C0 49] Android_PowerVR_GM9xxx_Vulkan, [00000192B6D39F00][00000192B59B7B40 49] Android_TegraK1, [00000192B6D7CA00][00000192B59BA140 49] Android_Unknown_Vulkan, [00000192B6D3B900][00000192B59BE2C0 49] Lumin, [00000192B6D7D100][00000192B59C2440 49] Lumin_Desktop, [00000192B6D3A000][00000192B59C65C0 49] HoloLens, 
[2022.02.08-21.37.12:412][  0]LogMeshReduction: Using QuadricMeshReduction for automatic static mesh reduction
[2022.02.08-21.37.12:412][  0]LogMeshReduction: Using SimplygonMeshReduction for automatic skeletal mesh reduction
[2022.02.08-21.37.12:412][  0]LogMeshReduction: Using ProxyLODMeshReduction for automatic mesh merging
[2022.02.08-21.37.12:412][  0]LogMeshReduction: No distributed automatic mesh merging module available
[2022.02.08-21.37.12:412][  0]LogMeshMerging: No distributed automatic mesh merging module available
[2022.02.08-21.37.12:431][  0]LogNetVersion: PoC_Grappin 1.0.0, NetCL: 17155196, EngineNetVer: 17, GameNetVer: 0 (Checksum: 1781036400)
[2022.02.08-21.37.12:911][  0]LogTexture: Default maximum texture size for cubemaps generated from long-lat sources has been changed from 512 to unlimited. In order to preserve old behaiour for '/Engine/MapTemplates/Sky/DaylightAmbientCubemap.DaylightAmbientCubemap', its maximum texture size has been explicitly set to 512.
[2022.02.08-21.37.12:986][  0]LogHMD: PokeAHoleMaterial loaded successfully
[2022.02.08-21.37.12:993][  0]LogUObjectArray: 17178 objects as part of root set at end of initial load.
[2022.02.08-21.37.12:993][  0]LogUObjectAllocator: 4302048 out of 0 bytes used by permanent object pool.
[2022.02.08-21.37.12:993][  0]LogUObjectArray: CloseDisregardForGC: 0/0 objects in disregard for GC pool
[2022.02.08-21.37.13:275][  0]LogPython: Using Python 3.7.7
[2022.02.08-21.37.13:889][  0]LogNiagaraDebuggerClient: Niagara Debugger Client Initialized | Session: B9CE1B0444267A99870533BD0F5F2C5B | Instance: 23CD10904257A20F5B08E3A65758D5F2 (MSI-1456).
[2022.02.08-21.37.14:055][  0]LogTcpMessaging: Initializing TcpMessaging bridge
[2022.02.08-21.37.14:060][  0]LogUdpMessaging: Initializing bridge on interface 0.0.0.0:0 to multicast group 230.0.0.1:6666.
[2022.02.08-21.37.14:406][  0]LogOpenImageDenoise: OIDN starting up
[2022.02.08-21.37.14:454][  0]LogAndroidPermission: UAndroidPermissionCallbackProxy::GetInstance
[2022.02.08-21.37.14:466][  0]LogAudioCaptureCore: Display: No Audio Capture implementations found. Audio input will be silent.
[2022.02.08-21.37.14:466][  0]LogAudioCaptureCore: Display: No Audio Capture implementations found. Audio input will be silent.
[2022.02.08-21.37.14:637][  0]SourceControl: Source control is disabled
[2022.02.08-21.37.14:637][  0]SourceControl: Source control is disabled
[2022.02.08-21.37.14:641][  0]SourceControl: Source control is disabled
[2022.02.08-21.37.14:645][  0]SourceControl: Source control is disabled
[2022.02.08-21.37.14:652][  0]SourceControl: Source control is disabled
[2022.02.08-21.37.14:658][  0]LogUProjectInfo: Found projects:
[2022.02.08-21.37.14:671][  0]LogCollectionManager: Loaded 0 collections in 0.001047 seconds
[2022.02.08-21.37.14:697][  0]LogFileCache: Scanning file cache for directory 'D:/bordel/Cours/S4 Québec/Projet de personnalisation/PoC_Grappin/Saved/Collections/' took 0.00s
[2022.02.08-21.37.14:697][  0]LogFileCache: Scanning file cache for directory 'D:/bordel/Cours/S4 Québec/Projet de personnalisation/PoC_Grappin/Content/Developers/manoe/Collections/' took 0.00s
[2022.02.08-21.37.14:697][  0]LogFileCache: Scanning file cache for directory 'D:/bordel/Cours/S4 Québec/Projet de personnalisation/PoC_Grappin/Content/Collections/' took 0.00s
[2022.02.08-21.37.14:697][  0]LogOcInput: OculusInput pre-init called
[2022.02.08-21.37.14:976][  0]LogEngine: Initializing Engine...
[2022.02.08-21.37.15:021][  0]LogHMD: Failed to initialize OpenVR with code 119
[2022.02.08-21.37.15:904][  0]LogHMD: Optional extension XR_VARJO_quad_views is not available
[2022.02.08-21.37.16:028][  0]LogHMD: Warning: Required extension XR_EXT_eye_gaze_interaction is not available
[2022.02.08-21.37.16:028][  0]LogHMD: Could not enable all required OpenXR extensions for OpenXREyeTracker on current system. This plugin will be loaded but ignored, but will be enabled on a target platform that supports the required extension.
[2022.02.08-21.37.16:537][  0]LogHMD: Failed to get an OpenXR system, result is XR_ERROR_FORM_FACTOR_UNAVAILABLE. Please check that your runtime supports VR headsets.
[2022.02.08-21.37.16:804][  0]LogMagicLeap: Warning: VR disabled because ZI is not enabled.  To enable, in the editor, Edit -> Project Settings -> Plugins -> Magic Leap Plugin -> Enable Zero Iteration
[2022.02.08-21.37.16:805][  0]LogStats: UGameplayTagsManager::InitializeManager -  0.000 s
[2022.02.08-21.37.16:956][  0]LogInit: Initializing FReadOnlyCVARCache
[2022.02.08-21.37.16:971][  0]LogAIModule: Creating AISystem for world Untitled
[2022.02.08-21.37.16:974][  0]LogAudio: Display: Initializing Audio Device Manager...
[2022.02.08-21.37.16:978][  0]LogAudio: Display: Loading Default Audio Settings Objects...
[2022.02.08-21.37.16:978][  0]LogAudio: Display: No default SoundConcurrencyObject specified (or failed to load).
[2022.02.08-21.37.16:979][  0]LogAudio: Display: Audio Device Manager Initialized
[2022.02.08-21.37.16:979][  0]LogAudio: Display: Creating Audio Device:                 Id: 1, Scope: Shared, Realtime: True
[2022.02.08-21.37.16:979][  0]LogAudioMixer: Display: Audio Mixer Platform Settings:
[2022.02.08-21.37.16:979][  0]LogAudioMixer: Display: 	Sample Rate:						  48000
[2022.02.08-21.37.16:979][  0]LogAudioMixer: Display: 	Callback Buffer Frame Size Requested: 1024
[2022.02.08-21.37.16:979][  0]LogAudioMixer: Display: 	Callback Buffer Frame Size To Use:	  1024
[2022.02.08-21.37.16:979][  0]LogAudioMixer: Display: 	Number of buffers to queue:			  2
[2022.02.08-21.37.16:979][  0]LogAudioMixer: Display: 	Max Channels (voices):				  32
[2022.02.08-21.37.16:979][  0]LogAudioMixer: Display: 	Number of Async Source Workers:		  0
[2022.02.08-21.37.16:979][  0]LogAudio: Display: AudioDevice MaxSources: 32
[2022.02.08-21.37.16:979][  0]LogAudio: Display: Audio Spatialization Plugin: None (built-in).
[2022.02.08-21.37.16:979][  0]LogAudio: Display: Audio Reverb Plugin: None (built-in).
[2022.02.08-21.37.16:979][  0]LogAudio: Display: Audio Occlusion Plugin: None (built-in).
[2022.02.08-21.37.16:979][  0]LogAudioMixer: Display: Initializing audio mixer.
[2022.02.08-21.37.17:011][  0]LogAudioMixer: Display: 0: FrontLeft
[2022.02.08-21.37.17:012][  0]LogAudioMixer: Display: 1: FrontRight
[2022.02.08-21.37.17:090][  0]LogAudioMixer: Display: Using Audio Device Haut-parleurs (Realtek High Definition Audio)
[2022.02.08-21.37.17:093][  0]LogAudioMixer: Display: Initializing Sound Submixes...
[2022.02.08-21.37.17:095][  0]LogAudioMixer: Display: Creating Master Submix 'MasterSubmixDefault'
[2022.02.08-21.37.17:095][  0]LogAudioMixer: Display: Creating Master Submix 'MasterReverbSubmixDefault'
[2022.02.08-21.37.17:095][  0]LogAudioMixer: Display: Creating Master Submix 'MasterEQSubmixDefault'
[2022.02.08-21.37.17:095][  0]LogAudioMixer: FMixerPlatformXAudio2::StartAudioStream() called
[2022.02.08-21.37.17:095][  0]LogAudioMixer: Display: Output buffers initialized: Frames=1024, Channels=2, Samples=2048
[2022.02.08-21.37.17:096][  0]LogAudioMixer: Display: Starting AudioMixerPlatformInterface::RunInternal()
[2022.02.08-21.37.17:096][  0]LogAudioMixer: Display: FMixerPlatformXAudio2::SubmitBuffer() called for the first time
[2022.02.08-21.37.17:096][  0]LogInit: FAudioDevice initialized.
[2022.02.08-21.37.17:097][  0]LogAudio: Display: Audio Device (ID: 1) registered with world 'Untitled'.
[2022.02.08-21.37.17:097][  0]LogNetVersion: Set ProjectVersion to 1.0.0.0. Version Checksum will be recalculated on next use.
[2022.02.08-21.37.17:205][  0]LogDerivedDataCache: Saved boot cache 0.11s 94MB C:/Users/manoe/AppData/Local/UnrealEngine/4.27/DerivedDataCache/Boot.ddc.
[2022.02.08-21.37.17:205][  0]LogInit: Texture streaming: Enabled
[2022.02.08-21.37.17:217][  0]LogAnalytics: Display: [UEEditor.Rocket.Release] APIServer = https://datarouter.ol.epicgames.com/. AppVersion = 4.27.2-18319896+++UE4+Release-4.27
[2022.02.08-21.37.17:220][  0]LogEngineSessionManager: EngineSessionManager initialized
[2022.02.08-21.37.17:220][  0]LogEditorSessionSummary: Verbose: Initializing EditorSessionSummaryWriter for editor session tracking
[2022.02.08-21.37.17:221][  0]LogEditorSessionSummary: EditorSessionSummaryWriter initialized
[2022.02.08-21.37.17:245][  0]LogInit: Transaction tracking system initialized
[2022.02.08-21.37.17:265][  0]BlueprintLog: New page: Editor Load
[2022.02.08-21.37.17:321][  0]LocalizationService: Localization service is disabled
[2022.02.08-21.37.17:344][  0]TimingProfiler: Initialize
[2022.02.08-21.37.17:345][  0]TimingProfiler: OnSessionChanged
[2022.02.08-21.37.17:345][  0]LoadingProfiler: Initialize
[2022.02.08-21.37.17:345][  0]LoadingProfiler: OnSessionChanged
[2022.02.08-21.37.17:345][  0]NetworkingProfiler: Initialize
[2022.02.08-21.37.17:345][  0]NetworkingProfiler: OnSessionChanged
[2022.02.08-21.37.17:345][  0]MemoryProfiler: Initialize
[2022.02.08-21.37.17:345][  0]MemoryProfiler: OnSessionChanged
[2022.02.08-21.37.18:099][  0]LogCook: Display: CookSettings for Memory: MemoryMaxUsedVirtual 0MiB, MemoryMaxUsedPhysical 16384MiB, MemoryMinFreeVirtual 0MiB, MemoryMinFreePhysical 1024MiB
[2022.02.08-21.37.18:099][  0]LogCook: Display: Mobile HDR setting 1
[2022.02.08-21.37.18:105][  0]LogFileCache: Scanning file cache for directory 'D:/bordel/Cours/S4 Québec/Projet de personnalisation/PoC_Grappin/Content/' took 0.00s
[2022.02.08-21.37.18:511][  0]LogInit: Display: Engine is initialized. Leaving FEngineLoop::Init()
[2022.02.08-21.37.18:513][  0]SourceControl: Source control is disabled
[2022.02.08-21.37.18:514][  0]LogUnrealEdMisc: Loading editor; pre map load, took 11.726
[2022.02.08-21.37.18:514][  0]Cmd: MAP LOAD FILE="../../../../../../bordel/Cours/S4 Québec/Projet de personnalisation/PoC_Grappin/Content/FirstPersonBP/Maps/FirstPersonExampleMap.umap" TEMPLATE=0 SHOWPROGRESS=1 FEATURELEVEL=3
[2022.02.08-21.37.18:514][  0]LightingResults: New page: Lighting Build
[2022.02.08-21.37.18:515][  0]LogWorld: UWorld::CleanupWorld for Untitled, bSessionEnded=true, bCleanupResources=true
[2022.02.08-21.37.18:515][  0]LogSlate: InvalidateAllWidgets triggered.  All widgets were invalidated
[2022.02.08-21.37.18:515][  0]MapCheck: New page: Map Check
[2022.02.08-21.37.18:515][  0]LightingResults: New page: Lighting Build
[2022.02.08-21.37.18:520][  0]LogAudio: Display: Audio Device unregistered from world 'None'.
[2022.02.08-21.37.18:523][  0]LogUObjectHash: Compacting FUObjectHashTables data took   0.78ms
[2022.02.08-21.37.20:986][  0]LogTexture: Display: Building textures: HQ_Lightmap1_5 (OODLE_AutoDXT, 64X64)
[2022.02.08-21.37.20:986][  0]LogTexture: Display: Building textures: LQ_Lightmap_1_1 (OODLE_DXT1, 2048X2048)
[2022.02.08-21.37.20:986][  0]LogTexture: Display: Building textures: HQ_Lightmap1_4 (OODLE_AutoDXT, 2048X2048)
[2022.02.08-21.37.20:986][  0]LogTexture: Display: Building textures: HQ_Lightmap1_1 (OODLE_AutoDXT, 2048X2048)
[2022.02.08-21.37.20:986][  0]LogTexture: Display: Building textures: HQ_Lightmap1_2 (OODLE_AutoDXT, 2048X2048)
[2022.02.08-21.37.20:986][  0]LogTexture: Display: Building textures: HQ_Lightmap1_3 (OODLE_AutoDXT, 2048X2048)
[2022.02.08-21.37.20:986][  0]LogTexture: Display: Building textures: DeprecatedTexture4E9A31EC459F824B7293D9A5960F381F (BGRA8, 128X128)
[2022.02.08-21.37.24:425][  0]LogTextureFormatOodle: Display: non-RDO encode 2048 x 2048 x 1 to format OODLE_AutoDXT (Oodle OodleTex_BC3) lambda=0 effort=20 
[2022.02.08-21.37.24:425][  0]LogTextureFormatOodle: Display: non-RDO encode 2048 x 2048 x 1 to format OODLE_AutoDXT (Oodle OodleTex_BC3) lambda=0 effort=20 
[2022.02.08-21.37.24:425][  0]LogTextureFormatOodle: Display: non-RDO encode 2048 x 2048 x 1 to format OODLE_DXT1 (Oodle OodleTex_BC1_WithTransparency) lambda=0 effort=20 
[2022.02.08-21.37.24:425][  0]LogTexture: Display: Building textures: LQ_Lightmap_1_2 (OODLE_DXT1, 2048X2048)
[2022.02.08-21.37.24:425][  0]LogTextureFormatOodle: Display: non-RDO encode 1024 x 1024 x 1 to format OODLE_AutoDXT (Oodle OodleTex_BC3) lambda=0 effort=20 
[2022.02.08-21.37.24:425][  0]LogTextureFormatOodle: Display: non-RDO encode 1024 x 1024 x 1 to format OODLE_AutoDXT (Oodle OodleTex_BC3) lambda=0 effort=20 
[2022.02.08-21.37.24:425][  0]LogTextureFormatOodle: Display: non-RDO encode 2048 x 2048 x 1 to format OODLE_AutoDXT (Oodle OodleTex_BC3) lambda=0 effort=20 
[2022.02.08-21.37.24:425][  0]LogTextureFormatOodle: Display: non-RDO encode 2048 x 2048 x 1 to format OODLE_AutoDXT (Oodle OodleTex_BC3) lambda=0 effort=20 
[2022.02.08-21.37.24:425][  0]LogTextureFormatOodle: Display: non-RDO encode 1024 x 1024 x 1 to format OODLE_DXT1 (Oodle OodleTex_BC1_WithTransparency) lambda=0 effort=20 
[2022.02.08-21.37.24:425][  0]LogTextureFormatOodle: Display: non-RDO encode 2048 x 2048 x 1 to format OODLE_DXT1 (Oodle OodleTex_BC1_WithTransparency) lambda=0 effort=20 
[2022.02.08-21.37.24:425][  0]LogTextureFormatOodle: Display: non-RDO encode 1024 x 1024 x 1 to format OODLE_AutoDXT (Oodle OodleTex_BC3) lambda=0 effort=20 
[2022.02.08-21.37.24:425][  0]LogTextureFormatOodle: Display: non-RDO encode 1024 x 1024 x 1 to format OODLE_AutoDXT (Oodle OodleTex_BC3) lambda=0 effort=20 
[2022.02.08-21.37.24:425][  0]LogTextureFormatOodle: Display: non-RDO encode 1024 x 1024 x 1 to format OODLE_DXT1 (Oodle OodleTex_BC1_WithTransparency) lambda=0 effort=20 
[2022.02.08-21.37.24:425][  0]LogTexture: Display: Building textures: LQ_Lightmap_1_4 (OODLE_DXT1, 2048X2048)
[2022.02.08-21.37.24:425][  0]LogTexture: Display: Building textures: LQ_Lightmap_1_3 (OODLE_DXT1, 2048X2048)
[2022.02.08-21.37.24:425][  0]LogTexture: Display: Building textures: LQ_Lightmap_1_5 (OODLE_DXT1, 64X64)
[2022.02.08-21.37.24:425][  0]LogTextureFormatOodle: Display: non-RDO encode 2048 x 2048 x 1 to format OODLE_DXT1 (Oodle OodleTex_BC1_WithTransparency) lambda=0 effort=20 
[2022.02.08-21.37.24:425][  0]LogTexture: Display: Building textures: SkyOcclusion1_1 (OODLE_AutoDXT, 2048X1024)
[2022.02.08-21.37.24:425][  0]LogTexture: Display: Building textures: SkyOcclusion1_2 (OODLE_AutoDXT, 2048X1024)
[2022.02.08-21.37.24:425][  0]LogTextureFormatOodle: Display: non-RDO encode 1024 x 1024 x 1 to format OODLE_DXT1 (Oodle OodleTex_BC1_WithTransparency) lambda=0 effort=20 
[2022.02.08-21.37.24:425][  0]LogTextureFormatOodle: Display: non-RDO encode 2048 x 2048 x 1 to format OODLE_DXT1 (Oodle OodleTex_BC1_WithTransparency) lambda=0 effort=20 
[2022.02.08-21.37.24:425][  0]LogTextureFormatOodle: Display: non-RDO encode 2048 x 1024 x 1 to format OODLE_AutoDXT (Oodle OodleTex_BC3) lambda=0 effort=20 
[2022.02.08-21.37.24:425][  0]LogTexture: Display: Building textures: SkyOcclusion1_3 (OODLE_AutoDXT, 2048X1024)
[2022.02.08-21.37.24:425][  0]LogTexture: Display: Building textures: SkyOcclusion1_4 (OODLE_AutoDXT, 2048X1024)
[2022.02.08-21.37.24:425][  0]LogTextureFormatOodle: Display: non-RDO encode 2048 x 1024 x 1 to format OODLE_AutoDXT (Oodle OodleTex_BC3) lambda=0 effort=20 
[2022.02.08-21.37.24:425][  0]LogTextureFormatOodle: Display: non-RDO encode 1024 x 1024 x 1 to format OODLE_DXT1 (Oodle OodleTex_BC1_WithTransparency) lambda=0 effort=20 
[2022.02.08-21.37.24:425][  0]LogTextureFormatOodle: Display: non-RDO encode 2048 x 1024 x 1 to format OODLE_AutoDXT (Oodle OodleTex_BC3) lambda=0 effort=20 
[2022.02.08-21.37.24:425][  0]LogTextureFormatOodle: Display: non-RDO encode 2048 x 1024 x 1 to format OODLE_AutoDXT (Oodle OodleTex_BC3) lambda=0 effort=20 
[2022.02.08-21.37.24:425][  0]LogTextureFormatOodle: Display: non-RDO encode 1024 x 512 x 1 to format OODLE_AutoDXT (Oodle OodleTex_BC3) lambda=0 effort=20 
[2022.02.08-21.37.24:425][  0]LogTextureFormatOodle: Display: non-RDO encode 1024 x 512 x 1 to format OODLE_AutoDXT (Oodle OodleTex_BC3) lambda=0 effort=20 
[2022.02.08-21.37.24:425][  0]LogTexture: Display: Building textures: SkyOcclusion1_5 (OODLE_AutoDXT, 64X32)
[2022.02.08-21.37.24:425][  0]LogTextureFormatOodle: Display: non-RDO encode 1024 x 512 x 1 to format OODLE_AutoDXT (Oodle OodleTex_BC3) lambda=0 effort=20 
[2022.02.08-21.37.24:425][  0]LogTextureFormatOodle: Display: non-RDO encode 1024 x 512 x 1 to format OODLE_AutoDXT (Oodle OodleTex_BC3) lambda=0 effort=20 
[2022.02.08-21.37.26:511][  0]LogAudio: Display: Audio Device (ID: 1) registered with world 'FirstPersonExampleMap'.
[2022.02.08-21.37.26:513][  0]LogAIModule: Creating AISystem for world FirstPersonExampleMap
[2022.02.08-21.37.27:674][  0]LogEditorServer: Finished looking for orphan Actors (0.000 secs)
[2022.02.08-21.37.27:683][  0]LogUObjectHash: Compacting FUObjectHashTables data took   0.93ms
[2022.02.08-21.37.27:688][  0]Cmd: MAP CHECKDEP NOCLEARLOG
[2022.02.08-21.37.27:689][  0]MapCheck: Map check complete: 0 Error(s), 0 Warning(s), took 0,13ms to complete.
[2022.02.08-21.37.27:689][  0]LogFileHelpers: Loading map 'FirstPersonExampleMap' took 9.175
[2022.02.08-21.37.27:690][  0]LogUnrealEdMisc: Total Editor Startup Time, took 20.903
[2022.02.08-21.37.30:326][  0]LogSlate: Updating window title bar state: overlay mode, drag disabled, window buttons hidden, title bar hidden
[2022.02.08-21.37.30:346][  0]LogSlate: Updating window title bar state: overlay mode, drag disabled, window buttons hidden, title bar hidden
[2022.02.08-21.37.30:353][  0]LogSlate: Updating window title bar state: overlay mode, drag disabled, window buttons hidden, title bar hidden
[2022.02.08-21.37.30:359][  0]LogSlate: Updating window title bar state: overlay mode, drag disabled, window buttons hidden, title bar hidden
[2022.02.08-21.37.31:440][  0]LogNativeClassHierarchy: Verbose: Native class hierarchy populated in 0.0106 seconds. Added 3822 classes and 928 folders.
[2022.02.08-21.37.32:081][  0]LogNativeClassHierarchy: Verbose: Native class hierarchy updated for 'WidgetCarousel' in 0.0003 seconds. Added 0 classes and 0 folders.
[2022.02.08-21.37.32:601][  0]LogPakFile: PakFile PrimaryIndexSize=187
[2022.02.08-21.37.32:601][  0]LogPakFile: PakFile PathHashIndexSize=101
[2022.02.08-21.37.32:601][  0]LogPakFile: PakFile FullDirectoryIndexSize=148
[2022.02.08-21.37.32:601][  0]LogShaderLibrary: Display: ShaderCodeLibraryPakFileMountedCallback: PakFile 'D:/Game/EpicGames/UE_4.27/FeaturePacks/FP_FirstPerson.upack' (chunk index -1, root 'root:/') mounted
[2022.02.08-21.37.32:601][  0]LogShaderLibrary: Display: ShaderCodeLibraryPakFileMountedCallback: pending pak file info (ChunkID:-1 Root:root:/ File:D:/Game/EpicGames/UE_4.27/FeaturePacks/FP_FirstPerson.upack)
[2022.02.08-21.37.32:601][  0]LogPakFile: OnPakFileMounted2Time == 0.000067
[2022.02.08-21.37.32:956][  0]LogPakFile: PakFile PrimaryIndexSize=189
[2022.02.08-21.37.32:956][  0]LogPakFile: PakFile PathHashIndexSize=101
[2022.02.08-21.37.32:956][  0]LogPakFile: PakFile FullDirectoryIndexSize=152
[2022.02.08-21.37.32:956][  0]LogShaderLibrary: Display: ShaderCodeLibraryPakFileMountedCallback: PakFile 'D:/Game/EpicGames/UE_4.27/FeaturePacks/FP_FirstPersonBP.upack' (chunk index -1, root 'root:/') mounted
[2022.02.08-21.37.32:956][  0]LogShaderLibrary: Display: ShaderCodeLibraryPakFileMountedCallback: pending pak file info (ChunkID:-1 Root:root:/ File:D:/Game/EpicGames/UE_4.27/FeaturePacks/FP_FirstPersonBP.upack)
[2022.02.08-21.37.32:956][  0]LogPakFile: OnPakFileMounted2Time == 0.000127
[2022.02.08-21.37.33:115][  0]LogPakFile: PakFile PrimaryIndexSize=191
[2022.02.08-21.37.33:115][  0]LogPakFile: PakFile PathHashIndexSize=101
[2022.02.08-21.37.33:115][  0]LogPakFile: PakFile FullDirectoryIndexSize=160
[2022.02.08-21.37.33:115][  0]LogShaderLibrary: Display: ShaderCodeLibraryPakFileMountedCallback: PakFile 'D:/Game/EpicGames/UE_4.27/FeaturePacks/MobileStarterContent.upack' (chunk index -1, root 'root:/') mounted
[2022.02.08-21.37.33:115][  0]LogShaderLibrary: Display: ShaderCodeLibraryPakFileMountedCallback: pending pak file info (ChunkID:-1 Root:root:/ File:D:/Game/EpicGames/UE_4.27/FeaturePacks/MobileStarterContent.upack)
[2022.02.08-21.37.33:115][  0]LogPakFile: OnPakFileMounted2Time == 0.000058
[2022.02.08-21.37.33:369][  0]LogPakFile: PakFile PrimaryIndexSize=185
[2022.02.08-21.37.33:370][  0]LogPakFile: PakFile PathHashIndexSize=101
[2022.02.08-21.37.33:370][  0]LogPakFile: PakFile FullDirectoryIndexSize=148
[2022.02.08-21.37.33:370][  0]LogShaderLibrary: Display: ShaderCodeLibraryPakFileMountedCallback: PakFile 'D:/Game/EpicGames/UE_4.27/FeaturePacks/StarterContent.upack' (chunk index -1, root 'root:/') mounted
[2022.02.08-21.37.33:370][  0]LogShaderLibrary: Display: ShaderCodeLibraryPakFileMountedCallback: pending pak file info (ChunkID:-1 Root:root:/ File:D:/Game/EpicGames/UE_4.27/FeaturePacks/StarterContent.upack)
[2022.02.08-21.37.33:370][  0]LogPakFile: OnPakFileMounted2Time == 0.000062
[2022.02.08-21.37.33:487][  0]LogPakFile: PakFile PrimaryIndexSize=190
[2022.02.08-21.37.33:487][  0]LogPakFile: PakFile PathHashIndexSize=101
[2022.02.08-21.37.33:487][  0]LogPakFile: PakFile FullDirectoryIndexSize=154
[2022.02.08-21.37.33:487][  0]LogShaderLibrary: Display: ShaderCodeLibraryPakFileMountedCallback: PakFile 'D:/Game/EpicGames/UE_4.27/FeaturePacks/TP_2DSideScroller.upack' (chunk index -1, root 'root:/') mounted
[2022.02.08-21.37.33:487][  0]LogShaderLibrary: Display: ShaderCodeLibraryPakFileMountedCallback: pending pak file info (ChunkID:-1 Root:root:/ File:D:/Game/EpicGames/UE_4.27/FeaturePacks/TP_2DSideScroller.upack)
[2022.02.08-21.37.33:487][  0]LogPakFile: OnPakFileMounted2Time == 0.000054
[2022.02.08-21.37.33:835][  0]LogPakFile: PakFile PrimaryIndexSize=192
[2022.02.08-21.37.33:835][  0]LogPakFile: PakFile PathHashIndexSize=101
[2022.02.08-21.37.33:835][  0]LogPakFile: PakFile FullDirectoryIndexSize=158
[2022.02.08-21.37.33:835][  0]LogShaderLibrary: Display: ShaderCodeLibraryPakFileMountedCallback: PakFile 'D:/Game/EpicGames/UE_4.27/FeaturePacks/TP_2DSideScrollerBP.upack' (chunk index -1, root 'root:/') mounted
[2022.02.08-21.37.33:835][  0]LogShaderLibrary: Display: ShaderCodeLibraryPakFileMountedCallback: pending pak file info (ChunkID:-1 Root:root:/ File:D:/Game/EpicGames/UE_4.27/FeaturePacks/TP_2DSideScrollerBP.upack)
[2022.02.08-21.37.33:835][  0]LogPakFile: OnPakFileMounted2Time == 0.000046
[2022.02.08-21.37.33:880][  0]LogPakFile: PakFile PrimaryIndexSize=182
[2022.02.08-21.37.33:880][  0]LogPakFile: PakFile PathHashIndexSize=101
[2022.02.08-21.37.33:880][  0]LogPakFile: PakFile FullDirectoryIndexSize=138
[2022.02.08-21.37.33:880][  0]LogShaderLibrary: Display: ShaderCodeLibraryPakFileMountedCallback: PakFile 'D:/Game/EpicGames/UE_4.27/FeaturePacks/TP_Flying.upack' (chunk index -1, root 'root:/') mounted
[2022.02.08-21.37.33:880][  0]LogShaderLibrary: Display: ShaderCodeLibraryPakFileMountedCallback: pending pak file info (ChunkID:-1 Root:root:/ File:D:/Game/EpicGames/UE_4.27/FeaturePacks/TP_Flying.upack)
[2022.02.08-21.37.33:880][  0]LogPakFile: OnPakFileMounted2Time == 0.000050
[2022.02.08-21.37.34:019][  0]LogPakFile: PakFile PrimaryIndexSize=184
[2022.02.08-21.37.34:019][  0]LogPakFile: PakFile PathHashIndexSize=101
[2022.02.08-21.37.34:019][  0]LogPakFile: PakFile FullDirectoryIndexSize=142
[2022.02.08-21.37.34:019][  0]LogShaderLibrary: Display: ShaderCodeLibraryPakFileMountedCallback: PakFile 'D:/Game/EpicGames/UE_4.27/FeaturePacks/TP_FlyingBP.upack' (chunk index -1, root 'root:/') mounted
[2022.02.08-21.37.34:019][  0]LogShaderLibrary: Display: ShaderCodeLibraryPakFileMountedCallback: pending pak file info (ChunkID:-1 Root:root:/ File:D:/Game/EpicGames/UE_4.27/FeaturePacks/TP_FlyingBP.upack)
[2022.02.08-21.37.34:019][  0]LogPakFile: OnPakFileMounted2Time == 0.000050
[2022.02.08-21.37.34:285][  0]LogPakFile: PakFile PrimaryIndexSize=188
[2022.02.08-21.37.34:285][  0]LogPakFile: PakFile PathHashIndexSize=101
[2022.02.08-21.37.34:285][  0]LogPakFile: PakFile FullDirectoryIndexSize=150
[2022.02.08-21.37.34:285][  0]LogShaderLibrary: Display: ShaderCodeLibraryPakFileMountedCallback: PakFile 'D:/Game/EpicGames/UE_4.27/FeaturePacks/TP_HandheldARBP.upack' (chunk index -1, root 'root:/') mounted
[2022.02.08-21.37.34:285][  0]LogShaderLibrary: Display: ShaderCodeLibraryPakFileMountedCallback: pending pak file info (ChunkID:-1 Root:root:/ File:D:/Game/EpicGames/UE_4.27/FeaturePacks/TP_HandheldARBP.upack)
[2022.02.08-21.37.34:285][  0]LogPakFile: OnPakFileMounted2Time == 0.000043
[2022.02.08-21.37.34:449][  0]LogPakFile: PakFile PrimaryIndexSize=182
[2022.02.08-21.37.34:449][  0]LogPakFile: PakFile PathHashIndexSize=101
[2022.02.08-21.37.34:449][  0]LogPakFile: PakFile FullDirectoryIndexSize=138
[2022.02.08-21.37.34:449][  0]LogShaderLibrary: Display: ShaderCodeLibraryPakFileMountedCallback: PakFile 'D:/Game/EpicGames/UE_4.27/FeaturePacks/TP_Puzzle.upack' (chunk index -1, root 'root:/') mounted
[2022.02.08-21.37.34:449][  0]LogShaderLibrary: Display: ShaderCodeLibraryPakFileMountedCallback: pending pak file info (ChunkID:-1 Root:root:/ File:D:/Game/EpicGames/UE_4.27/FeaturePacks/TP_Puzzle.upack)
[2022.02.08-21.37.34:449][  0]LogPakFile: OnPakFileMounted2Time == 0.000046
[2022.02.08-21.37.34:680][  0]LogPakFile: PakFile PrimaryIndexSize=184
[2022.02.08-21.37.34:680][  0]LogPakFile: PakFile PathHashIndexSize=101
[2022.02.08-21.37.34:680][  0]LogPakFile: PakFile FullDirectoryIndexSize=142
[2022.02.08-21.37.34:680][  0]LogShaderLibrary: Display: ShaderCodeLibraryPakFileMountedCallback: PakFile 'D:/Game/EpicGames/UE_4.27/FeaturePacks/TP_PuzzleBP.upack' (chunk index -1, root 'root:/') mounted
[2022.02.08-21.37.34:680][  0]LogShaderLibrary: Display: ShaderCodeLibraryPakFileMountedCallback: pending pak file info (ChunkID:-1 Root:root:/ File:D:/Game/EpicGames/UE_4.27/FeaturePacks/TP_PuzzleBP.upack)
[2022.02.08-21.37.34:680][  0]LogPakFile: OnPakFileMounted2Time == 0.000046
[2022.02.08-21.37.34:737][  0]LogPakFile: PakFile PrimaryIndexSize=183
[2022.02.08-21.37.34:737][  0]LogPakFile: PakFile PathHashIndexSize=101
[2022.02.08-21.37.34:737][  0]LogPakFile: PakFile FullDirectoryIndexSize=140
[2022.02.08-21.37.34:737][  0]LogShaderLibrary: Display: ShaderCodeLibraryPakFileMountedCallback: PakFile 'D:/Game/EpicGames/UE_4.27/FeaturePacks/TP_Rolling.upack' (chunk index -1, root 'root:/') mounted
[2022.02.08-21.37.34:737][  0]LogShaderLibrary: Display: ShaderCodeLibraryPakFileMountedCallback: pending pak file info (ChunkID:-1 Root:root:/ File:D:/Game/EpicGames/UE_4.27/FeaturePacks/TP_Rolling.upack)
[2022.02.08-21.37.34:737][  0]LogPakFile: OnPakFileMounted2Time == 0.000057
[2022.02.08-21.37.34:755][  0]LogPakFile: PakFile PrimaryIndexSize=185
[2022.02.08-21.37.34:755][  0]LogPakFile: PakFile PathHashIndexSize=101
[2022.02.08-21.37.34:755][  0]LogPakFile: PakFile FullDirectoryIndexSize=144
[2022.02.08-21.37.34:755][  0]LogShaderLibrary: Display: ShaderCodeLibraryPakFileMountedCallback: PakFile 'D:/Game/EpicGames/UE_4.27/FeaturePacks/TP_RollingBP.upack' (chunk index -1, root 'root:/') mounted
[2022.02.08-21.37.34:755][  0]LogShaderLibrary: Display: ShaderCodeLibraryPakFileMountedCallback: pending pak file info (ChunkID:-1 Root:root:/ File:D:/Game/EpicGames/UE_4.27/FeaturePacks/TP_RollingBP.upack)
[2022.02.08-21.37.34:755][  0]LogPakFile: OnPakFileMounted2Time == 0.000042
[2022.02.08-21.37.34:757][  0]LogPakFile: PakFile PrimaryIndexSize=188
[2022.02.08-21.37.34:757][  0]LogPakFile: PakFile PathHashIndexSize=101
[2022.02.08-21.37.34:757][  0]LogPakFile: PakFile FullDirectoryIndexSize=150
[2022.02.08-21.37.34:757][  0]LogShaderLibrary: Display: ShaderCodeLibraryPakFileMountedCallback: PakFile 'D:/Game/EpicGames/UE_4.27/FeaturePacks/TP_SideScroller.upack' (chunk index -1, root 'root:/') mounted
[2022.02.08-21.37.34:757][  0]LogShaderLibrary: Display: ShaderCodeLibraryPakFileMountedCallback: pending pak file info (ChunkID:-1 Root:root:/ File:D:/Game/EpicGames/UE_4.27/FeaturePacks/TP_SideScroller.upack)
[2022.02.08-21.37.34:757][  0]LogPakFile: OnPakFileMounted2Time == 0.000045
[2022.02.08-21.37.34:769][  0]LogPakFile: PakFile PrimaryIndexSize=190
[2022.02.08-21.37.34:769][  0]LogPakFile: PakFile PathHashIndexSize=101
[2022.02.08-21.37.34:769][  0]LogPakFile: PakFile FullDirectoryIndexSize=154
[2022.02.08-21.37.34:769][  0]LogShaderLibrary: Display: ShaderCodeLibraryPakFileMountedCallback: PakFile 'D:/Game/EpicGames/UE_4.27/FeaturePacks/TP_SideScrollerBP.upack' (chunk index -1, root 'root:/') mounted
[2022.02.08-21.37.34:769][  0]LogShaderLibrary: Display: ShaderCodeLibraryPakFileMountedCallback: pending pak file info (ChunkID:-1 Root:root:/ File:D:/Game/EpicGames/UE_4.27/FeaturePacks/TP_SideScrollerBP.upack)
[2022.02.08-21.37.34:769][  0]LogPakFile: OnPakFileMounted2Time == 0.000042
[2022.02.08-21.37.34:992][  0]LogPakFile: PakFile PrimaryIndexSize=187
[2022.02.08-21.37.34:992][  0]LogPakFile: PakFile PathHashIndexSize=101
[2022.02.08-21.37.34:992][  0]LogPakFile: PakFile FullDirectoryIndexSize=148
[2022.02.08-21.37.34:992][  0]LogShaderLibrary: Display: ShaderCodeLibraryPakFileMountedCallback: PakFile 'D:/Game/EpicGames/UE_4.27/FeaturePacks/TP_ThirdPerson.upack' (chunk index -1, root 'root:/') mounted
[2022.02.08-21.37.34:992][  0]LogShaderLibrary: Display: ShaderCodeLibraryPakFileMountedCallback: pending pak file info (ChunkID:-1 Root:root:/ File:D:/Game/EpicGames/UE_4.27/FeaturePacks/TP_ThirdPerson.upack)
[2022.02.08-21.37.34:992][  0]LogPakFile: OnPakFileMounted2Time == 0.000051
[2022.02.08-21.37.35:226][  0]LogPakFile: PakFile PrimaryIndexSize=189
[2022.02.08-21.37.35:226][  0]LogPakFile: PakFile PathHashIndexSize=101
[2022.02.08-21.37.35:226][  0]LogPakFile: PakFile FullDirectoryIndexSize=152
[2022.02.08-21.37.35:226][  0]LogShaderLibrary: Display: ShaderCodeLibraryPakFileMountedCallback: PakFile 'D:/Game/EpicGames/UE_4.27/FeaturePacks/TP_ThirdPersonBP.upack' (chunk index -1, root 'root:/') mounted
[2022.02.08-21.37.35:226][  0]LogShaderLibrary: Display: ShaderCodeLibraryPakFileMountedCallback: pending pak file info (ChunkID:-1 Root:root:/ File:D:/Game/EpicGames/UE_4.27/FeaturePacks/TP_ThirdPersonBP.upack)
[2022.02.08-21.37.35:226][  0]LogPakFile: OnPakFileMounted2Time == 0.000074
[2022.02.08-21.37.35:394][  0]LogPakFile: PakFile PrimaryIndexSize=183
[2022.02.08-21.37.35:394][  0]LogPakFile: PakFile PathHashIndexSize=101
[2022.02.08-21.37.35:394][  0]LogPakFile: PakFile FullDirectoryIndexSize=140
[2022.02.08-21.37.35:394][  0]LogShaderLibrary: Display: ShaderCodeLibraryPakFileMountedCallback: PakFile 'D:/Game/EpicGames/UE_4.27/FeaturePacks/TP_TopDown.upack' (chunk index -1, root 'root:/') mounted
[2022.02.08-21.37.35:394][  0]LogShaderLibrary: Display: ShaderCodeLibraryPakFileMountedCallback: pending pak file info (ChunkID:-1 Root:root:/ File:D:/Game/EpicGames/UE_4.27/FeaturePacks/TP_TopDown.upack)
[2022.02.08-21.37.35:394][  0]LogPakFile: OnPakFileMounted2Time == 0.000055
[2022.02.08-21.37.35:396][  0]LogPakFile: PakFile PrimaryIndexSize=185
[2022.02.08-21.37.35:396][  0]LogPakFile: PakFile PathHashIndexSize=101
[2022.02.08-21.37.35:396][  0]LogPakFile: PakFile FullDirectoryIndexSize=144
[2022.02.08-21.37.35:396][  0]LogShaderLibrary: Display: ShaderCodeLibraryPakFileMountedCallback: PakFile 'D:/Game/EpicGames/UE_4.27/FeaturePacks/TP_TopDownBP.upack' (chunk index -1, root 'root:/') mounted
[2022.02.08-21.37.35:396][  0]LogShaderLibrary: Display: ShaderCodeLibraryPakFileMountedCallback: pending pak file info (ChunkID:-1 Root:root:/ File:D:/Game/EpicGames/UE_4.27/FeaturePacks/TP_TopDownBP.upack)
[2022.02.08-21.37.35:396][  0]LogPakFile: OnPakFileMounted2Time == 0.000046
[2022.02.08-21.37.35:398][  0]LogPakFile: PakFile PrimaryIndexSize=185
[2022.02.08-21.37.35:398][  0]LogPakFile: PakFile PathHashIndexSize=101
[2022.02.08-21.37.35:398][  0]LogPakFile: PakFile FullDirectoryIndexSize=144
[2022.02.08-21.37.35:398][  0]LogShaderLibrary: Display: ShaderCodeLibraryPakFileMountedCallback: PakFile 'D:/Game/EpicGames/UE_4.27/FeaturePacks/TP_TwinStick.upack' (chunk index -1, root 'root:/') mounted
[2022.02.08-21.37.35:398][  0]LogShaderLibrary: Display: ShaderCodeLibraryPakFileMountedCallback: pending pak file info (ChunkID:-1 Root:root:/ File:D:/Game/EpicGames/UE_4.27/FeaturePacks/TP_TwinStick.upack)
[2022.02.08-21.37.35:398][  0]LogPakFile: OnPakFileMounted2Time == 0.000094
[2022.02.08-21.37.35:424][  0]LogPakFile: PakFile PrimaryIndexSize=187
[2022.02.08-21.37.35:424][  0]LogPakFile: PakFile PathHashIndexSize=101
[2022.02.08-21.37.35:424][  0]LogPakFile: PakFile FullDirectoryIndexSize=148
[2022.02.08-21.37.35:424][  0]LogShaderLibrary: Display: ShaderCodeLibraryPakFileMountedCallback: PakFile 'D:/Game/EpicGames/UE_4.27/FeaturePacks/TP_TwinStickBP.upack' (chunk index -1, root 'root:/') mounted
[2022.02.08-21.37.35:424][  0]LogShaderLibrary: Display: ShaderCodeLibraryPakFileMountedCallback: pending pak file info (ChunkID:-1 Root:root:/ File:D:/Game/EpicGames/UE_4.27/FeaturePacks/TP_TwinStickBP.upack)
[2022.02.08-21.37.35:424][  0]LogPakFile: OnPakFileMounted2Time == 0.000044
[2022.02.08-21.37.35:482][  0]LogPakFile: PakFile PrimaryIndexSize=183
[2022.02.08-21.37.35:482][  0]LogPakFile: PakFile PathHashIndexSize=101
[2022.02.08-21.37.35:482][  0]LogPakFile: PakFile FullDirectoryIndexSize=140
[2022.02.08-21.37.35:482][  0]LogShaderLibrary: Display: ShaderCodeLibraryPakFileMountedCallback: PakFile 'D:/Game/EpicGames/UE_4.27/FeaturePacks/TP_Vehicle.upack' (chunk index -1, root 'root:/') mounted
[2022.02.08-21.37.35:482][  0]LogShaderLibrary: Display: ShaderCodeLibraryPakFileMountedCallback: pending pak file info (ChunkID:-1 Root:root:/ File:D:/Game/EpicGames/UE_4.27/FeaturePacks/TP_Vehicle.upack)
[2022.02.08-21.37.35:483][  0]LogPakFile: OnPakFileMounted2Time == 0.000054
[2022.02.08-21.37.35:498][  0]LogPakFile: PakFile PrimaryIndexSize=186
[2022.02.08-21.37.35:498][  0]LogPakFile: PakFile PathHashIndexSize=101
[2022.02.08-21.37.35:499][  0]LogPakFile: PakFile FullDirectoryIndexSize=146
[2022.02.08-21.37.35:499][  0]LogShaderLibrary: Display: ShaderCodeLibraryPakFileMountedCallback: PakFile 'D:/Game/EpicGames/UE_4.27/FeaturePacks/TP_VehicleAdv.upack' (chunk index -1, root 'root:/') mounted
[2022.02.08-21.37.35:499][  0]LogShaderLibrary: Display: ShaderCodeLibraryPakFileMountedCallback: pending pak file info (ChunkID:-1 Root:root:/ File:D:/Game/EpicGames/UE_4.27/FeaturePacks/TP_VehicleAdv.upack)
[2022.02.08-21.37.35:499][  0]LogPakFile: OnPakFileMounted2Time == 0.000057
[2022.02.08-21.37.35:516][  0]LogPakFile: PakFile PrimaryIndexSize=188
[2022.02.08-21.37.35:516][  0]LogPakFile: PakFile PathHashIndexSize=101
[2022.02.08-21.37.35:516][  0]LogPakFile: PakFile FullDirectoryIndexSize=150
[2022.02.08-21.37.35:517][  0]LogShaderLibrary: Display: ShaderCodeLibraryPakFileMountedCallback: PakFile 'D:/Game/EpicGames/UE_4.27/FeaturePacks/TP_VehicleAdvBP.upack' (chunk index -1, root 'root:/') mounted
[2022.02.08-21.37.35:517][  0]LogShaderLibrary: Display: ShaderCodeLibraryPakFileMountedCallback: pending pak file info (ChunkID:-1 Root:root:/ File:D:/Game/EpicGames/UE_4.27/FeaturePacks/TP_VehicleAdvBP.upack)
[2022.02.08-21.37.35:517][  0]LogPakFile: OnPakFileMounted2Time == 0.000053
[2022.02.08-21.37.35:533][  0]LogPakFile: PakFile PrimaryIndexSize=185
[2022.02.08-21.37.35:533][  0]LogPakFile: PakFile PathHashIndexSize=101
[2022.02.08-21.37.35:533][  0]LogPakFile: PakFile FullDirectoryIndexSize=144
[2022.02.08-21.37.35:533][  0]LogShaderLibrary: Display: ShaderCodeLibraryPakFileMountedCallback: PakFile 'D:/Game/EpicGames/UE_4.27/FeaturePacks/TP_VehicleBP.upack' (chunk index -1, root 'root:/') mounted
[2022.02.08-21.37.35:533][  0]LogShaderLibrary: Display: ShaderCodeLibraryPakFileMountedCallback: pending pak file info (ChunkID:-1 Root:root:/ File:D:/Game/EpicGames/UE_4.27/FeaturePacks/TP_VehicleBP.upack)
[2022.02.08-21.37.35:533][  0]LogPakFile: OnPakFileMounted2Time == 0.000047
[2022.02.08-21.37.35:535][  0]LogPakFile: PakFile PrimaryIndexSize=192
[2022.02.08-21.37.35:535][  0]LogPakFile: PakFile PathHashIndexSize=101
[2022.02.08-21.37.35:535][  0]LogPakFile: PakFile FullDirectoryIndexSize=158
[2022.02.08-21.37.35:535][  0]LogShaderLibrary: Display: ShaderCodeLibraryPakFileMountedCallback: PakFile 'D:/Game/EpicGames/UE_4.27/FeaturePacks/TP_VirtualRealityBP.upack' (chunk index -1, root 'root:/') mounted
[2022.02.08-21.37.35:535][  0]LogShaderLibrary: Display: ShaderCodeLibraryPakFileMountedCallback: pending pak file info (ChunkID:-1 Root:root:/ File:D:/Game/EpicGames/UE_4.27/FeaturePacks/TP_VirtualRealityBP.upack)
[2022.02.08-21.37.35:535][  0]LogPakFile: OnPakFileMounted2Time == 0.000043
[2022.02.08-21.37.38:025][  0]LogNativeClassHierarchy: Verbose: Native class hierarchy updated for 'AddContentDialog' in 0.0004 seconds. Added 0 classes and 0 folders.
[2022.02.08-21.37.38:172][  0]LogNativeClassHierarchy: Verbose: Native class hierarchy updated for 'SceneOutliner' in 0.0004 seconds. Added 2 classes and 0 folders.
[2022.02.08-21.37.38:754][  0]LogSlate: Took 0.000318 seconds to synchronously load lazily loaded font '../../../Engine/Content/Slate/Fonts/Roboto-Regular.ttf' (155K)
[2022.02.08-21.37.38:777][  0]LogSlate: Took 0.021416 seconds to synchronously load lazily loaded font '../../../Engine/Content/Editor/Slate/Fonts/FontAwesome.ttf' (139K)
[2022.02.08-21.37.38:794][  0]LogSlate: Took 0.000133 seconds to synchronously load lazily loaded font '../../../Engine/Content/Slate/Fonts/Roboto-Bold.ttf' (160K)
[2022.02.08-21.37.39:154][  0]LogRenderer: Reallocating scene render targets to support 1252x492 Format 10 NumSamples 1 (Frame:1).
[2022.02.08-21.37.39:702][  0]LogNativeClassHierarchy: Verbose: Native class hierarchy updated for 'HierarchicalLODOutliner' in 0.0003 seconds. Added 0 classes and 0 folders.
[2022.02.08-21.37.39:702][  0]LogLoad: (Engine Initialization) Total time: 32.91 seconds
[2022.02.08-21.37.39:702][  0]LogLoad: (Engine Initialization) Total Blueprint compile time: 0.00 seconds
[2022.02.08-21.37.39:809][  0]LogAssetRegistry: Asset discovery search completed in 27.8793 seconds
[2022.02.08-21.37.39:814][  0]LogCollectionManager: Fixed up redirectors for 0 collections in 0.000004 seconds (updated 0 objects)
[2022.02.08-21.37.39:834][  0]LogContentStreaming: Texture pool size now 1000 MB
[2022.02.08-21.37.40:441][  2]LogSlate: Took 0.012363 seconds to synchronously load lazily loaded font '../../../Engine/Content/Slate/Fonts/Roboto-Light.ttf' (167K)
